<?xml version="1.0" encoding="utf-8"?><testsuites name="pytest tests"><testsuite name="pytest" errors="0" failures="0" skipped="0" tests="31" time="9.150" timestamp="2026-07-21T16:01:19.189871+00:00" hostname="agent-env-3a1c0280-9b80-40a5-9739-6b2ce837f7a1"><testcase classname="tests.test_emails.TestTemplatesCRUD" name="test_default_templates_seeded" time="0.740" /><testcase classname="tests.test_emails.TestSchedulerSweep" name="test_run_scheduler_now_returns_summary" time="0.803" /><testcase classname="tests.test_emails.TestTemplatesCRUD" name="test_event_catalog" time="0.010" /><testcase classname="tests.test_emails.TestTemplatesCRUD" name="test_edit_system_template_body_and_time" time="0.061" /><testcase classname="tests.test_emails.TestTemplatesCRUD" name="test_system_template_cannot_be_deleted" time="0.074" /><testcase classname="tests.test_emails.TestSchedulerSweep" name="test_sweep_fires_d3_reminder_when_due_in_3_days" time="0.203" /><testcase classname="tests.test_emails.TestTemplatesCRUD" name="test_custom_template_create_edit_delete" time="0.036" /><testcase classname="tests.test_articles.TestPublicListing" name="test_seed_articles_visible" time="0.062" /><testcase classname="tests.test_articles.TestPublicListing" name="test_search_ranks_matching_result" time="0.023" /><testcase classname="tests.test_emails.TestSchedulerSweep" name="test_sweep_d8_suspends_active_services" time="1.985" /><testcase classname="tests.test_articles.TestPublicListing" name="test_tag_facet_returns_counts" time="1.340" /><testcase classname="tests.test_articles.TestPublicListing" name="test_filter_by_tag" time="0.036" /><testcase classname="tests.test_articles.TestPublicDetail" name="test_detail_increments_view_count" time="0.026" /><testcase classname="tests.test_articles.TestPublicDetail" name="test_detail_returns_related" time="0.014" /><testcase classname="tests.test_articles.TestPublicDetail" name="test_detail_404_for_unknown_slug" time="0.054" /><testcase classname="tests.test_articles.TestPublicDetail" name="test_draft_article_not_publicly_visible" time="0.425" /><testcase classname="tests.test_articles.TestAdminCRUD" name="test_create_edit_delete_flow" time="0.107" /><testcase classname="tests.test_emails.TestSchedulerSweep" name="test_seeded_templates_have_expected_offset_days" time="0.016" /><testcase classname="tests.test_emails.TestSchedulerSweep" name="test_sweep_is_idempotent_per_day" time="0.605" /><testcase classname="tests.test_articles.TestAdminCRUD" name="test_client_cannot_access_admin_articles" time="0.433" /><testcase classname="tests.test_articles.TestAdminCRUD" name="test_slug_uniqueness_on_create" time="0.079" /><testcase classname="tests.test_articles.TestAdminCRUD" name="test_admin_search_and_status_filter" time="0.045" /><testcase classname="tests.test_emails.TestPreviewAndSendTest" name="test_preview_substitutes_variables" time="0.407" /><testcase classname="tests.test_emails.TestBroadcast" name="test_broadcast_to_custom_list" time="0.408" /><testcase classname="tests.test_emails.TestPreviewAndSendTest" name="test_preview_with_raw_body" time="0.009" /><testcase classname="tests.test_emails.TestPreviewAndSendTest" name="test_send_test_falls_back_to_log_when_smtp_disabled" time="0.065" /><testcase classname="tests.test_emails.TestBroadcast" name="test_broadcast_custom_requires_emails" time="0.046" /><testcase classname="tests.test_emails.TestBroadcast" name="test_broadcast_all_clients" time="0.942" /><testcase classname="tests.test_emails.TestPreviewAndSendTest" name="test_client_cannot_access_admin_email_endpoints" time="0.399" /><testcase classname="tests.test_emails.TestEventHooks" name="test_register_fires_welcome_email_log" time="1.420" /><testcase classname="tests.test_emails.TestEventHooks" name="test_order_and_invoice_hooks_fire" time="1.428" /></testsuite></testsuites>