<?xml version="1.0" encoding="utf-8"?><testsuites name="pytest tests"><testsuite name="pytest" errors="0" failures="0" skipped="0" tests="14" time="1.182" timestamp="2026-07-22T15:38:43.901577+00:00" hostname="agent-env-0e056b03-4b01-42e7-ae28-6fab63f8dbec"><testcase classname="tests.test_assets_straight_line.TestAssetCrud" name="test_get_single_returns_schedule" time="0.472" /><testcase classname="tests.test_assets_straight_line.TestDepreciationFormula" name="test_validation_case" time="0.469" /><testcase classname="tests.test_assets_straight_line.TestDepreciationFormula" name="test_zero_salvage" time="0.004" /><testcase classname="tests.test_assets_straight_line.TestAssetCrud" name="test_update_reflects_new_depreciation" time="0.008" /><testcase classname="tests.test_assets_straight_line.TestDepreciationFormula" name="test_life_one_year" time="0.005" /><testcase classname="tests.test_assets_straight_line.TestDepreciationFormula" name="test_mid_year_acquisition_partial" time="0.004" /><testcase classname="tests.test_assets_straight_line.TestAssetCrud" name="test_delete_asset" time="0.010" /><testcase classname="tests.test_assets_straight_line.TestFinanceEndpoints" name="test_finance_detailed_assets_rows" time="0.010" /><testcase classname="tests.test_assets_straight_line.TestAssetCrud" name="test_list_includes_new_fields" time="0.009" /><testcase classname="tests.test_assets_straight_line.TestFinanceEndpoints" name="test_finance_report_depreciation_matches_accumulated" time="0.010" /><testcase classname="tests.test_assets_straight_line.TestLegacyInputMigration" name="test_depreciation_percent_maps_to_useful_life_years" time="0.056" /><testcase classname="tests.test_assets_straight_line.TestFinanceEndpoints" name="test_finance_report_shape" time="0.057" /><testcase classname="tests.test_assets_straight_line.TestLegacyInputMigration" name="test_useful_life_months_maps_to_years" time="0.025" /><testcase classname="tests.test_assets_straight_line.TestAuthHealth" name="test_auth_me_returns_admin" time="0.024" /></testsuite></testsuites>