<?xml version="1.0" encoding="utf-8"?><testsuites name="pytest tests"><testsuite name="pytest" errors="0" failures="0" skipped="0" tests="12" time="5.670" timestamp="2026-07-21T04:58:43.555442+00:00" hostname="agent-env-3a1c0280-9b80-40a5-9739-6b2ce837f7a1"><testcase classname="tests.test_catalog_and_access.TestCategories" name="test_default_categories_seeded" time="2.205" /><testcase classname="tests.test_catalog_and_access.TestCategories" name="test_public_categories_endpoint" time="0.202" /><testcase classname="tests.test_catalog_and_access.TestProductOptions" name="test_product_persists_option_groups" time="2.250" /><testcase classname="tests.test_catalog_and_access.TestProductOptions" name="test_addon_flag_persisted_and_appears_in_public_endpoint" time="0.385" /><testcase classname="tests.test_catalog_and_access.TestCategories" name="test_create_and_delete_category" time="0.500" /><testcase classname="tests.test_catalog_and_access.TestProductOptions" name="test_order_preview_prices_correctly" time="0.149" /><testcase classname="tests.test_catalog_and_access.TestProductOptions" name="test_order_preview_with_no_selections_uses_only_base" time="0.183" /><testcase classname="tests.test_catalog_and_access.TestUserAccessCatalog" name="test_catalog_returns_menu_and_flags" time="0.189" /><testcase classname="tests.test_catalog_and_access.TestProductOptions" name="test_order_creation_snapshots_cart" time="0.177" /><testcase classname="tests.test_catalog_and_access.TestUserAccessCatalog" name="test_client_cannot_read_catalog" time="0.169" /><testcase classname="tests.test_catalog_and_access.TestProductOptions" name="test_addon_cannot_be_ordered_directly" time="0.537" /><testcase classname="tests.test_catalog_and_access.TestUserAccessCatalog" name="test_update_user_menu_keys_and_flags" time="0.496" /></testsuite></testsuites>