<?xml version="1.0" encoding="utf-8"?><testsuites name="pytest tests"><testsuite name="pytest" errors="0" failures="0" skipped="0" tests="20" time="7.443" timestamp="2026-07-22T15:38:29.520055+00:00" hostname="agent-env-0e056b03-4b01-42e7-ae28-6fab63f8dbec"><testcase classname="tests.test_diagnostics_and_security.TestTorchDisabled" name="test_11_torch_disabled_returns_400" time="0.479" /><testcase classname="tests.test_diagnostics_and_security.TestDiagnosticsRun" name="test_04_run_ping" time="0.932" /><testcase classname="tests.test_diagnostics_and_security.TestTorchDisabled" name="test_12_torch_missing_interface" time="0.004" /><testcase classname="tests.test_diagnostics_and_security.TestTorchDisabled" name="test_13_torch_bad_protocol" time="0.004" /><testcase classname="tests.test_diagnostics_and_security.TestTorchDisabled" name="test_14_torch_bad_src_address" time="0.003" /><testcase classname="tests.test_diagnostics_and_security.TestDiagnosticsTools" name="test_01_tools_endpoint_ok" time="0.003" /><testcase classname="tests.test_diagnostics_and_security.TestDiagnosticsTools" name="test_02_tools_requires_admin" time="0.250" /><testcase classname="tests.test_diagnostics_and_security.TestDiagnosticsTools" name="test_03_tools_no_token_401" time="0.002" /><testcase classname="tests.test_diagnostics_and_security.TestSecurityAutoBlock" name="test_18_default_settings" time="0.010" /><testcase classname="tests.test_diagnostics_and_security.TestSecurityAutoBlock" name="test_19_put_settings_persists" time="0.011" /><testcase classname="tests.test_diagnostics_and_security.TestSecurityAutoBlock" name="test_20_auto_block_after_12_fails" time="0.584" /><testcase classname="tests.test_diagnostics_and_security.TestDiagnosticsRun" name="test_05_run_dns" time="0.034" /><testcase classname="tests.test_diagnostics_and_security.TestDiagnosticsRun" name="test_06_run_whois" time="0.378" /><testcase classname="tests.test_diagnostics_and_security.TestDiagnosticsRun" name="test_07_run_blacklist" time="1.887" /><testcase classname="tests.test_diagnostics_and_security.TestDiagnosticsAuth" name="test_16_run_requires_auth" time="0.002" /><testcase classname="tests.test_diagnostics_and_security.TestDiagnosticsAuth" name="test_17_run_forbidden_for_client" time="0.003" /><testcase classname="tests.test_diagnostics_and_security.TestTorchEnabled" name="test_15_torch_enabled_returns_json_not_500" time="0.012" /><testcase classname="tests.test_diagnostics_and_security.TestDiagnosticsRun" name="test_08_run_portscan" time="1.553" /><testcase classname="tests.test_diagnostics_and_security.TestDiagnosticsRun" name="test_09_run_http" time="0.109" /><testcase classname="tests.test_diagnostics_and_security.TestDiagnosticsRun" name="test_10_run_traceroute" time="2.009" /></testsuite></testsuites>