<?xml version="1.0" encoding="utf-8"?><testsuites name="pytest tests"><testsuite name="pytest" errors="0" failures="0" skipped="0" tests="4" time="2.470" timestamp="2026-07-21T16:01:51.783758+00:00" hostname="agent-env-3a1c0280-9b80-40a5-9739-6b2ce837f7a1"><testcase classname="tests.test_email_refresh" name="test_welcome_subject_uses_new_wording" time="0.431" /><testcase classname="tests.test_email_refresh" name="test_invoice_generated_subject_includes_due_date" time="0.013" /><testcase classname="tests.test_email_refresh" name="test_preview_body_includes_intercloud_logo_url" time="0.042" /><testcase classname="tests.test_email_refresh" name="test_all_system_templates_preview_have_logo" time="0.137" /></testsuite></testsuites>