<?xml version="1.0" encoding="utf-8"?><testsuites name="pytest tests"><testsuite name="pytest" errors="0" failures="0" skipped="0" tests="19" time="11.160" timestamp="2026-07-21T15:31:22.850644+00:00" hostname="agent-env-3a1c0280-9b80-40a5-9739-6b2ce837f7a1"><testcase classname="tests.test_emails.TestTemplatesCRUD" name="test_default_templates_seeded" time="1.010" /><testcase classname="tests.test_emails.TestSchedulerSweep" name="test_run_scheduler_now_returns_summary" time="1.158" /><testcase classname="tests.test_emails.TestTemplatesCRUD" name="test_event_catalog" time="0.208" /><testcase classname="tests.test_emails.TestTemplatesCRUD" name="test_edit_system_template_body_and_time" time="0.377" /><testcase classname="tests.test_emails.TestSchedulerSweep" name="test_sweep_fires_d3_reminder_when_due_in_3_days" time="0.795" /><testcase classname="tests.test_emails.TestTemplatesCRUD" name="test_system_template_cannot_be_deleted" time="0.420" /><testcase classname="tests.test_emails.TestSchedulerSweep" name="test_sweep_d8_suspends_active_services" time="2.332" /><testcase classname="tests.test_emails.TestTemplatesCRUD" name="test_custom_template_create_edit_delete" time="0.851" /><testcase classname="tests.test_emails.TestPreviewAndSendTest" name="test_preview_substitutes_variables" time="0.385" /><testcase classname="tests.test_emails.TestPreviewAndSendTest" name="test_preview_with_raw_body" time="0.170" /><testcase classname="tests.test_emails.TestPreviewAndSendTest" name="test_send_test_falls_back_to_log_when_smtp_disabled" time="0.391" /><testcase classname="tests.test_emails.TestPreviewAndSendTest" name="test_client_cannot_access_admin_email_endpoints" time="0.746" /><testcase classname="tests.test_emails.TestSchedulerSweep" name="test_seeded_templates_have_expected_offset_days" time="0.210" /><testcase classname="tests.test_emails.TestSchedulerSweep" name="test_sweep_is_idempotent_per_day" time="1.269" /><testcase classname="tests.test_emails.TestBroadcast" name="test_broadcast_to_custom_list" time="0.168" /><testcase classname="tests.test_emails.TestBroadcast" name="test_broadcast_custom_requires_emails" time="0.157" /><testcase classname="tests.test_emails.TestBroadcast" name="test_broadcast_all_clients" time="0.340" /><testcase classname="tests.test_emails.TestEventHooks" name="test_register_fires_welcome_email_log" time="1.738" /><testcase classname="tests.test_emails.TestEventHooks" name="test_order_and_invoice_hooks_fire" time="2.060" /></testsuite></testsuites>