<?xml version="1.0" encoding="utf-8"?><testsuites name="pytest tests"><testsuite name="pytest" errors="0" failures="0" skipped="0" tests="10" time="2.207" timestamp="2026-07-22T14:30:15.878676+00:00" hostname="agent-env-0e056b03-4b01-42e7-ae28-6fab63f8dbec"><testcase classname="tests.test_finance_v2.TestDetailedAndReports" name="test_detailed_endpoint_shape" time="0.467" /><testcase classname="tests.test_finance_v2.TestLedgers" name="test_kas_kecil_crud" time="1.326" /><testcase classname="tests.test_finance_v2.TestDetailedAndReports" name="test_monthly_xlsx_download" time="0.903" /><testcase classname="tests.test_finance_v2.TestLedgers" name="test_salaries_crud" time="0.052" /><testcase classname="tests.test_finance_v2.TestDetailedAndReports" name="test_annual_xlsx_download" time="0.024" /><testcase classname="tests.test_finance_v2.TestLedgers" name="test_sales_fees_crud" time="0.041" /><testcase classname="tests.test_finance_v2.TestDetailedAndReports" name="test_reports_audit_list" time="0.004" /><testcase classname="tests.test_finance_v2.TestDetailedAndReports" name="test_annual_reports_stay_locked" time="0.003" /><testcase classname="tests.test_finance_v2.TestLedgers" name="test_prior_month_insert_rejected" time="0.003" /><testcase classname="tests.test_finance_v2.TestLedgers" name="test_client_cannot_write" time="0.236" /></testsuite></testsuites>