<?xml version="1.0" encoding="utf-8"?><testsuites name="pytest tests"><testsuite name="pytest" errors="0" failures="0" skipped="0" tests="10" time="6.957" timestamp="2026-07-21T14:46:54.901779+00:00" hostname="agent-env-3a1c0280-9b80-40a5-9739-6b2ce837f7a1"><testcase classname="tests.test_finance_v2.TestDetailedAndReports" name="test_detailed_endpoint_shape" time="1.303" /><testcase classname="tests.test_finance_v2.TestLedgers" name="test_kas_kecil_crud" time="2.062" /><testcase classname="tests.test_finance_v2.TestDetailedAndReports" name="test_monthly_xlsx_download" time="0.829" /><testcase classname="tests.test_finance_v2.TestLedgers" name="test_salaries_crud" time="0.746" /><testcase classname="tests.test_finance_v2.TestDetailedAndReports" name="test_annual_xlsx_download" time="0.416" /><testcase classname="tests.test_finance_v2.TestDetailedAndReports" name="test_reports_audit_list" time="0.303" /><testcase classname="tests.test_finance_v2.TestLedgers" name="test_sales_fees_crud" time="0.460" /><testcase classname="tests.test_finance_v2.TestDetailedAndReports" name="test_annual_reports_stay_locked" time="0.332" /><testcase classname="tests.test_finance_v2.TestLedgers" name="test_prior_month_insert_rejected" time="0.253" /><testcase classname="tests.test_finance_v2.TestLedgers" name="test_client_cannot_write" time="1.181" /></testsuite></testsuites>