<?xml version="1.0" encoding="utf-8"?><testsuites name="pytest tests"><testsuite name="pytest" errors="0" failures="4" skipped="0" tests="70" time="100.690" timestamp="2026-07-21T05:00:19.741132+00:00" hostname="agent-env-3a1c0280-9b80-40a5-9739-6b2ce837f7a1"><testcase classname="tests.test_register_and_crm.TestRegister" name="test_self_registration_happy_path" time="2.730" /><testcase classname="tests.test_register_and_crm.TestRegister" name="test_duplicate_email_returns_409" time="1.650" /><testcase classname="tests.test_portal.TestClient" name="test_client_dashboard" time="4.395"><failure message="assert 0 &gt;= 1">E   assert 0 &gt;= 1</failure></testcase><testcase classname="tests.test_register_and_crm.TestRegister" name="test_tos_required" time="0.247" /><testcase classname="tests.test_portal.TestClient" name="test_client_invoices" time="0.242"><failure message="AssertionError: assert 'overdue' in {'paid', 'unpaid'}">E   AssertionError: assert 'overdue' in {'paid', 'unpaid'}</failure></testcase><testcase classname="tests.test_register_and_crm.TestRegister" name="test_weak_password_rejected" time="0.242" /><testcase classname="tests.test_portal.TestClient" name="test_client_services" time="0.237" /><testcase classname="tests.test_register_and_crm.TestRegister" name="test_admin_create_user_mirrors_to_crm" time="2.018" /><testcase classname="tests.test_portal.TestClient" name="test_traffic_report" time="1.190" /><testcase classname="tests.test_portal.TestClient" name="test_orders_roundtrip" time="1.416" /><testcase classname="tests.test_register_and_crm.TestRegister" name="test_admin_create_admin_user_does_not_mirror_to_crm" time="2.011" /><testcase classname="tests.test_portal.TestClient" name="test_ticket_flow" time="1.172" /><testcase classname="tests.test_portal.TestClient" name="test_billing_emails_update" time="0.908" /><testcase classname="tests.test_register_and_crm.TestRegister" name="test_register_endpoint_is_public" time="0.668" /><testcase classname="tests.test_portal.TestAuth" name="test_admin_login" time="0.001" /><testcase classname="tests.test_portal.TestAuth" name="test_client_login_billing_emails" time="0.001" /><testcase classname="tests.test_portal.TestAuth" name="test_sales_login" time="0.001" /><testcase classname="tests.test_portal.TestAuth" name="test_support_login" time="0.001" /><testcase classname="tests.test_portal.TestAuth" name="test_ticket_only_login" time="0.001" /><testcase classname="tests.test_portal.TestAuth" name="test_bad_credentials" time="0.536" /><testcase classname="tests.test_portal.TestRBAC" name="test_support_dashboard_no_finance" time="0.491" /><testcase classname="tests.test_portal.TestRBAC" name="test_admin_dashboard_has_finance" time="0.729" /><testcase classname="tests.test_portal.TestRBAC" name="test_finance_summary_denied_for_support" time="0.289" /><testcase classname="tests.test_portal.TestRBAC" name="test_finance_summary_ok_for_admin" time="0.242" /><testcase classname="tests.test_catalog_and_access.TestProductOptions" name="test_product_persists_option_groups" time="2.145" /><testcase classname="tests.test_catalog_and_access.TestProductOptions" name="test_addon_flag_persisted_and_appears_in_public_endpoint" time="0.519" /><testcase classname="tests.test_portal.TestRBAC" name="test_sales_users_only_assigned" time="0.221" /><testcase classname="tests.test_portal.TestRBAC" name="test_admin_users_full" time="0.216" /><testcase classname="tests.test_catalog_and_access.TestProductOptions" name="test_order_preview_prices_correctly" time="0.201" /><testcase classname="tests.test_crm_enrichment.TestCrmEnrichment" name="test_crm_rows_have_enrichment_fields" time="0.840" /><testcase classname="tests.test_catalog_and_access.TestProductOptions" name="test_order_preview_with_no_selections_uses_only_base" time="0.525" /><testcase classname="tests.test_catalog_and_access.TestProductOptions" name="test_order_creation_snapshots_cart" time="0.201" /><testcase classname="tests.test_crm_enrichment.TestCrmEnrichment" name="test_demo_client_has_orders_and_ltv" time="0.917" /><testcase classname="tests.test_catalog_and_access.TestProductOptions" name="test_addon_cannot_be_ordered_directly" time="0.899" /><testcase classname="tests.test_crm_enrichment.TestCrmEnrichment" name="test_warm_flag_reflects_in_progress_count" time="1.466" /><testcase classname="tests.test_pdf_docs.TestInvoicePdf" name="test_client_can_view_own_invoice_html" time="2.195" /><testcase classname="tests.test_crm_enrichment.TestCrmEnrichment" name="test_unlinked_prospect_has_empty_enrichment" time="0.689" /><testcase classname="tests.test_crm_enrichment.TestCrmEnrichment" name="test_latest_order_has_expected_shape" time="0.719" /><testcase classname="tests.test_pdf_docs.TestInvoicePdf" name="test_client_pdf_download" time="3.846" /><testcase classname="tests.test_pdf_docs.TestInvoicePdf" name="test_paid_invoice_has_transactions_table" time="0.974" /><testcase classname="tests.test_catalog_and_access.TestCategories" name="test_default_categories_seeded" time="4.354" /><testcase classname="tests.test_pdf_docs.TestInvoicePdf" name="test_unpaid_invoice_shows_bank_transfer_panel" time="0.531" /><testcase classname="tests.test_catalog_and_access.TestCategories" name="test_public_categories_endpoint" time="0.239" /><testcase classname="tests.test_catalog_and_access.TestCategories" name="test_create_and_delete_category" time="0.740" /><testcase classname="tests.test_pdf_docs.TestInvoicePdf" name="test_client_cannot_read_others_invoice" time="0.149" /><testcase classname="tests.test_portal.TestIntegrations" name="test_modules_registry" time="0.495"><failure message="AssertionError: missing {'dcim'}, extra set()&#10;assert {'blacklist',... 'plesk', ...} == {'blacklist',...ikrotik', ...}&#10;  &#10;  Extra items in the right set:&#10;  'dcim'&#10;  &#10;  Full diff:&#10;    {&#10;        'blacklist',...&#10;  &#10;  ...Full output truncated (11 lines hidden), use '-vv' to show">E   AssertionError: missing {'dcim'}, extra set()
    assert {'blacklist',... 'plesk', ...} == {'blacklist',...ikrotik', ...}
      
      Extra items in the right set:
      'dcim'
      
      Full diff:
        {
            'blacklist',...
      
      ...Full output truncated (11 lines hidden), use '-vv' to show</failure></testcase><testcase classname="tests.test_catalog_and_access.TestUserAccessCatalog" name="test_catalog_returns_menu_and_flags" time="1.170" /><testcase classname="tests.test_portal.TestIntegrations" name="test_full_crud_and_test_connection" time="0.824" /><testcase classname="tests.test_catalog_and_access.TestUserAccessCatalog" name="test_client_cannot_read_catalog" time="0.137" /><testcase classname="tests.test_catalog_and_access.TestUserAccessCatalog" name="test_update_user_menu_keys_and_flags" time="0.451" /><testcase classname="tests.test_portal.TestIntegrations" name="test_test_config_missing_required" time="0.438" /><testcase classname="tests.test_sla_products" name="test_admin_products_no_stale_sla" time="16.131" /><testcase classname="tests.test_sla_products" name="test_public_products_no_stale_sla" time="15.207" /><testcase classname="tests.test_sla_products" name="test_dc_to_dc_product_has_99_5_sla" time="3.351" /><testcase classname="tests.test_pdf_docs.TestQuotationPdf" name="test_quotation_pdf_when_available" time="16.315" /><testcase classname="tests.test_sprint_extras.TestOrderCreationDetails" name="test_preview_requires_auth" time="73.928" /><testcase classname="tests.test_pdf_docs.TestQuotationPdf" name="test_client_cannot_access_quotations" time="5.479" /><testcase classname="tests.test_portal.TestMail" name="test_inbox_seed" time="0.213" /><testcase classname="tests.test_portal.TestMail" name="test_read_and_send" time="9.123" /><testcase classname="tests.test_sprint_extras.TestCategorySlugCascade" name="test_slug_change_cascades_to_products" time="1.910" /><testcase classname="tests.test_sprint_extras.TestCategorySlugCascade" name="test_delete_category_with_products_rejected" time="0.743" /><testcase classname="tests.test_pdf_docs.TestUserAddressFields" name="test_me_returns_address_fields" time="1.176" /><testcase classname="tests.test_portal.TestAdminInvoices" name="test_create_and_pay" time="0.446" /><testcase classname="tests.test_portal.TestAdminQuotations" name="test_lifecycle" time="0.630" /><testcase classname="tests.test_portal.TestAdminProducts" name="test_crud" time="0.429" /><testcase classname="tests.test_portal.TestAdminOrders" name="test_lifecycle_auto_creates_service" time="1.042"><failure message="AssertionError: 'active' must auto-create a service&#10;assert 7 == (7 + 1)">E   AssertionError: 'active' must auto-create a service
    assert 7 == (7 + 1)</failure></testcase><testcase classname="tests.test_portal.TestPaymentInfo" name="test_client_payment_info" time="0.144" /><testcase classname="tests.test_sprint_extras.TestUserAccessRoundTrip" name="test_menu_keys_survive_list_round_trip" time="1.795" /><testcase classname="tests.test_sprint_extras.TestOrderCreationDetails" name="test_public_addons_endpoint_returns_addon" time="0.178" /><testcase classname="tests.test_sprint_extras.TestOrderCreationDetails" name="test_order_creation_sets_status_and_invoice_lines" time="0.815" /></testsuite></testsuites>