<?xml version="1.0" encoding="utf-8"?><testsuites name="pytest tests"><testsuite name="pytest" errors="0" failures="0" skipped="0" tests="13" time="4.901" timestamp="2026-07-22T13:15:00.259632+00:00" hostname="agent-env-3a1c0280-9b80-40a5-9739-6b2ce837f7a1"><testcase classname="tests.test_integrations_unified.TestUnifiedSchema" name="test_schema_lists_all_providers" time="1.018" /><testcase classname="tests.test_integrations_unified.TestCpanelPleskValidation" name="test_cpanel_test_reports_missing_creds" time="1.541" /><testcase classname="tests.test_integrations_unified.TestUnifiedSchema" name="test_schema_has_categories" time="0.181" /><testcase classname="tests.test_integrations_unified.TestUnifiedSchema" name="test_imap_has_expected_fields" time="0.163" /><testcase classname="tests.test_integrations_unified.TestIMAPFlow" name="test_imap_save_masks_password" time="0.148" /><testcase classname="tests.test_integrations_unified.TestIMAPFlow" name="test_imap_test_unconfigured_returns_message" time="0.556" /><testcase classname="tests.test_integrations_unified.TestCpanelPleskValidation" name="test_cpanel_test_passes_with_complete_creds" time="0.447" /><testcase classname="tests.test_integrations_unified.TestCpanelPleskValidation" name="test_plesk_test_with_password" time="0.479" /><testcase classname="tests.test_integrations_unified.TestDeleteEndpoint" name="test_delete_provider_wipes_settings" time="0.603" /><testcase classname="tests.test_integrations_unified.TestSMTPTest" name="test_smtp_test_now_wired" time="0.491" /><testcase classname="tests.test_integrations_unified.TestDeleteEndpoint" name="test_delete_unknown_provider_404" time="0.153" /><testcase classname="tests.test_integrations_unified.TestMailInboxHonorsIMAP" name="test_inbox_falls_back_to_mock_when_imap_disabled" time="0.339" /><testcase classname="tests.test_integrations_unified.TestMenuCatalog" name="test_real_integrations_key_removed" time="0.135" /></testsuite></testsuites>