<?xml version="1.0" encoding="utf-8"?><testsuites name="pytest tests"><testsuite name="pytest" errors="0" failures="0" skipped="0" tests="14" time="14.298" timestamp="2026-07-30T04:51:03.923644+00:00" hostname="agent-env-e0552557-4f65-4aad-8666-6dc7862d0950"><testcase classname="tests.test_iter35_new_features" name="test_2fa_full_flow_client" time="10.331" /><testcase classname="tests.test_iter35_new_features" name="test_admin_impersonate" time="0.037" /><testcase classname="tests.test_iter35_new_features" name="test_form_builder_and_public_submit" time="0.027" /><testcase classname="tests.test_iter35_new_features" name="test_public_leads_creates_followup" time="0.512" /><testcase classname="tests.test_iter35_new_features" name="test_dcim_ip_pool_allocate" time="0.017" /><testcase classname="tests.test_iter35_new_features" name="test_ticket_internal_note_visibility" time="0.293" /><testcase classname="tests.test_iter35_new_features" name="test_pagination_backward_compat" time="0.262" /><testcase classname="tests.test_iter35_new_features" name="test_quotation_convert_idempotent" time="0.027" /><testcase classname="tests.test_iter35_new_features" name="test_invoice_send" time="0.128" /><testcase classname="tests.test_iter35_new_features" name="test_backup_trigger_and_download" time="0.258" /><testcase classname="tests.test_iter35_new_features" name="test_utm_links_crud" time="0.016" /><testcase classname="tests.test_iter35_new_features" name="test_finance_reports_have_formulas" time="0.440" /><testcase classname="tests.test_iter35_new_features" name="test_auto_renew_toggle" time="0.018" /><testcase classname="tests.test_iter35_new_features" name="test_admin_order_edit_provision_log" time="0.022" /></testsuite></testsuites>