<?xml version="1.0" encoding="utf-8"?><testsuites name="pytest tests"><testsuite name="pytest" errors="0" failures="1" skipped="0" tests="15" time="3.038" timestamp="2026-07-23T15:15:17.148834+00:00" hostname="agent-env-0e056b03-4b01-42e7-ae28-6fab63f8dbec"><testcase classname="tests.test_iter30_batch3_email_scoping.TestF1EmailSettings" name="test_00_delete_initial_settings_to_start_clean" time="0.963" /><testcase classname="tests.test_iter30_batch3_email_scoping.TestF1EmailSettings" name="test_01_get_settings_returns_empty_dict_when_unset" time="0.298" /><testcase classname="tests.test_iter30_batch3_email_scoping.TestRegressionBatch2" name="test_sales_orders_returns_200_array" time="1.312" /><testcase classname="tests.test_iter30_batch3_email_scoping.TestF1EmailSettings" name="test_02_admin_mail_inbox_returns_not_setup_when_no_creds" time="0.126" /><testcase classname="tests.test_iter30_batch3_email_scoping.TestRegressionBatch2" name="test_sales_quotations_returns_200_array" time="0.064" /><testcase classname="tests.test_iter30_batch3_email_scoping.TestRegressionBatch2" name="test_admin_bogus_imap_id_still_404" time="0.071" /><testcase classname="tests.test_iter30_batch3_email_scoping.TestF1EmailSettings" name="test_03_post_settings_persists_and_returns_configured" time="0.080" /><testcase classname="tests.test_iter30_batch3_email_scoping.TestRegressionBatch2" name="test_admin_dashboard_overdue_field_is_int" time="0.070" /><testcase classname="tests.test_iter30_batch3_email_scoping.TestF1EmailSettings" name="test_04_get_after_save_returns_masked_password" time="0.094"><failure message="AssertionError: smtp pw not masked: 'SuperSecret123!'&#10;assert 'SuperSecret123!' in ('••••••••', None, '')">backend/tests/test_iter30_batch3_email_scoping.py:193: in test_04_get_after_save_returns_masked_password
    assert smtp_pw in ("••••••••", None, ""), f"smtp pw not masked: {smtp_pw!r}"
E   AssertionError: smtp pw not masked: 'SuperSecret123!'
E   assert 'SuperSecret123!' in ('••••••••', None, '')</failure></testcase><testcase classname="tests.test_iter30_batch3_email_scoping.TestF3DashboardScoping" name="test_admin_dashboard_returns_global_stats" time="0.109" /><testcase classname="tests.test_iter30_batch3_email_scoping.TestF1EmailSettings" name="test_05_post_with_masked_password_preserves_original" time="0.165" /><testcase classname="tests.test_iter30_batch3_email_scoping.TestF3DashboardScoping" name="test_sales_dashboard_scoped_to_assigned_clients" time="0.269" /><testcase classname="tests.test_iter30_batch3_email_scoping.TestF1EmailSettings" name="test_06_inbox_with_bogus_creds_returns_setup_hint_not_500" time="0.157" /><testcase classname="tests.test_iter30_batch3_email_scoping.TestF1EmailSettings" name="test_99_teardown_delete_settings" time="0.367" /><testcase classname="tests.test_iter30_batch3_email_scoping.TestF3DashboardScoping" name="test_finance_dashboard_has_full_financial_fields" time="0.801" /></testsuite></testsuites>