<?xml version="1.0" encoding="utf-8"?><testsuites name="pytest tests"><testsuite name="pytest" errors="0" failures="0" skipped="0" tests="15" time="9.382" timestamp="2026-07-23T05:07:09.346917+00:00" hostname="agent-env-0e056b03-4b01-42e7-ae28-6fab63f8dbec"><testcase classname="tests.test_system_update.TestSystemVersion" name="test_version_admin_success" time="0.546" /><testcase classname="tests.test_system_update.TestSystemVersion" name="test_version_requires_auth" time="0.124" /><testcase classname="tests.test_system_update.TestSystemUpdate" name="test_update_no_confirm" time="0.096" /><testcase classname="tests.test_system_update.TestSystemUpdate" name="test_update_requires_auth" time="0.100" /><testcase classname="tests.test_system_update.TestSystemUpdate" name="test_update_confirmed" time="7.609" /><testcase classname="tests.test_system_update.TestScripts" name="test_install_syntax" time="0.004" /><testcase classname="tests.test_system_update.TestScripts" name="test_update_syntax" time="0.003" /><testcase classname="tests.test_system_update.TestScripts" name="test_scripts_executable" time="0.000" /><testcase classname="tests.test_system_update.TestScripts" name="test_install_contains_expected_tokens" time="0.000" /><testcase classname="tests.test_system_update.TestScripts" name="test_update_contains_expected_tokens" time="0.000" /><testcase classname="tests.test_system_update.TestRegression" name="test_login_ok" time="0.324" /><testcase classname="tests.test_system_update.TestRegression" name="test_backup_download_gzip" time="0.200" /><testcase classname="tests.test_system_update.TestRegression" name="test_restore_requires_confirm" time="0.106" /><testcase classname="tests.test_system_update.TestRegression" name="test_mikrotik_devices_reachable" time="0.101" /><testcase classname="tests.test_system_update.TestRegression" name="test_branding_reachable" time="0.095" /></testsuite></testsuites>