<?xml version="1.0" encoding="utf-8"?><testsuites name="pytest tests"><testsuite name="pytest" errors="0" failures="0" skipped="0" tests="11" time="3.238" timestamp="2026-07-30T06:38:55.950872+00:00" hostname="agent-env-e0552557-4f65-4aad-8666-6dc7862d0950"><testcase classname="tests.test_iter36_prod_readiness" name="test_live_test_config_cpanel_bad_host_returns_real_error" time="0.283" /><testcase classname="tests.test_iter36_prod_readiness" name="test_live_test_config_missing_fields" time="0.004" /><testcase classname="tests.test_iter36_prod_readiness" name="test_provision_hosting_cpanel_returns_400_not_configured" time="0.004" /><testcase classname="tests.test_iter36_prod_readiness" name="test_provision_proxmox_returns_400_honest" time="0.004" /><testcase classname="tests.test_iter36_prod_readiness" name="test_client_traffic_returns_available_false_when_no_samples" time="0.237" /><testcase classname="tests.test_iter36_prod_readiness" name="test_menu_catalog_contains_new_keys_no_user_settings" time="0.004" /><testcase classname="tests.test_iter36_prod_readiness" name="test_admin_can_create_and_delete_user" time="0.286" /><testcase classname="tests.test_iter36_prod_readiness" name="test_admin_cannot_delete_self" time="0.032" /><testcase classname="tests.test_iter36_prod_readiness" name="test_role_logins_work[creds0]" time="0.233" /><testcase classname="tests.test_iter36_prod_readiness" name="test_role_logins_work[creds1]" time="0.232" /><testcase classname="tests.test_iter36_prod_readiness" name="test_role_logins_work[creds2]" time="0.232" /></testsuite></testsuites>