<?xml version="1.0" encoding="utf-8"?><testsuites name="pytest tests"><testsuite name="pytest" errors="0" failures="0" skipped="0" tests="62" time="6.582" timestamp="2026-07-30T13:03:47.137879+00:00" hostname="agent-env-e0552557-4f65-4aad-8666-6dc7862d0950"><testcase classname="tests.test_iter38_rbac" name="test_destructive_admin_endpoints_are_admin_only[DELETE-/admin/users/6a638caf0e250916b6674e62-None-finance]" time="1.144" /><testcase classname="tests.test_iter38_rbac" name="test_destructive_admin_endpoints_are_admin_only[DELETE-/admin/users/6a638caf0e250916b6674e62-None-sales]" time="0.003" /><testcase classname="tests.test_iter38_rbac" name="test_destructive_admin_endpoints_are_admin_only[DELETE-/admin/users/6a638caf0e250916b6674e62-None-support]" time="0.003" /><testcase classname="tests.test_iter38_rbac" name="test_destructive_admin_endpoints_are_admin_only[DELETE-/admin/users/6a638caf0e250916b6674e62-None-ticket_only]" time="0.003" /><testcase classname="tests.test_iter38_rbac" name="test_destructive_admin_endpoints_are_admin_only[POST-/admin/users/6a638caf0e250916b6674e62/reset-password-body1-finance]" time="0.005" /><testcase classname="tests.test_iter38_rbac" name="test_destructive_admin_endpoints_are_admin_only[POST-/admin/users/6a638caf0e250916b6674e62/reset-password-body1-sales]" time="0.004" /><testcase classname="tests.test_iter38_rbac" name="test_destructive_admin_endpoints_are_admin_only[POST-/admin/users/6a638caf0e250916b6674e62/reset-password-body1-support]" time="0.008" /><testcase classname="tests.test_iter38_rbac" name="test_destructive_admin_endpoints_are_admin_only[POST-/admin/users/6a638caf0e250916b6674e62/reset-password-body1-ticket_only]" time="0.005" /><testcase classname="tests.test_iter38_rbac" name="test_destructive_admin_endpoints_are_admin_only[PUT-/admin/users/6a638caf0e250916b6674e62-body2-finance]" time="0.004" /><testcase classname="tests.test_iter38_rbac" name="test_destructive_admin_endpoints_are_admin_only[PUT-/admin/users/6a638caf0e250916b6674e62-body2-sales]" time="0.003" /><testcase classname="tests.test_iter38_rbac" name="test_destructive_admin_endpoints_are_admin_only[PUT-/admin/users/6a638caf0e250916b6674e62-body2-support]" time="0.004" /><testcase classname="tests.test_iter38_rbac" name="test_destructive_admin_endpoints_are_admin_only[PUT-/admin/users/6a638caf0e250916b6674e62-body2-ticket_only]" time="0.003" /><testcase classname="tests.test_iter38_rbac" name="test_destructive_admin_endpoints_are_admin_only[POST-/admin/users/6a638caf0e250916b6674e62/reset-2fa-body3-finance]" time="0.003" /><testcase classname="tests.test_iter38_rbac" name="test_destructive_admin_endpoints_are_admin_only[POST-/admin/users/6a638caf0e250916b6674e62/reset-2fa-body3-sales]" time="0.003" /><testcase classname="tests.test_iter38_rbac" name="test_destructive_admin_endpoints_are_admin_only[POST-/admin/users/6a638caf0e250916b6674e62/reset-2fa-body3-support]" time="0.003" /><testcase classname="tests.test_iter38_rbac" name="test_destructive_admin_endpoints_are_admin_only[POST-/admin/users/6a638caf0e250916b6674e62/reset-2fa-body3-ticket_only]" time="0.003" /><testcase classname="tests.test_iter38_rbac" name="test_destructive_admin_endpoints_are_admin_only[POST-/admin/users-body4-finance]" time="0.003" /><testcase classname="tests.test_iter38_rbac" name="test_destructive_admin_endpoints_are_admin_only[POST-/admin/users-body4-sales]" time="0.004" /><testcase classname="tests.test_iter38_rbac" name="test_destructive_admin_endpoints_are_admin_only[POST-/admin/users-body4-support]" time="0.003" /><testcase classname="tests.test_iter38_rbac" name="test_destructive_admin_endpoints_are_admin_only[POST-/admin/users-body4-ticket_only]" time="0.003" /><testcase classname="tests.test_iter38_rbac" name="test_finance_role_can_read_finance_module[/admin/finance/detailed]" time="0.009" /><testcase classname="tests.test_iter38_rbac" name="test_finance_role_can_read_finance_module[/admin/finance/reports]" time="0.004" /><testcase classname="tests.test_iter38_rbac" name="test_finance_role_can_read_finance_module[/admin/finance/cashflow-forecast]" time="0.010" /><testcase classname="tests.test_iter38_rbac" name="test_finance_role_can_read_finance_module[/admin/reports/monthly]" time="0.004" /><testcase classname="tests.test_iter38_rbac" name="test_finance_role_can_read_finance_module[/admin/assets]" time="0.003" /><testcase classname="tests.test_iter38_rbac" name="test_finance_role_can_read_finance_module[/admin/expenses]" time="0.004" /><testcase classname="tests.test_iter38_rbac" name="test_finance_role_can_read_finance_module[/admin/credit-notes]" time="0.011" /><testcase classname="tests.test_iter38_rbac" name="test_finance_role_can_read_finance_module[/admin/services]" time="0.007" /><testcase classname="tests.test_iter38_rbac" name="test_finance_role_can_read_finance_module[/admin/bank-accounts]" time="0.004" /><testcase classname="tests.test_iter38_rbac" name="test_support_role_can_read_ops_module[/admin/mikrotik/devices]" time="0.005" /><testcase classname="tests.test_iter38_rbac" name="test_support_role_can_read_ops_module[/admin/noc/devices]" time="0.010" /><testcase classname="tests.test_iter38_rbac" name="test_support_role_can_read_ops_module[/admin/noc/events]" time="0.005" /><testcase classname="tests.test_iter38_rbac" name="test_support_role_can_read_ops_module[/admin/noc/netflow/sankey]" time="0.007" /><testcase classname="tests.test_iter38_rbac" name="test_support_role_can_read_ops_module[/admin/diagnostics/tools]" time="0.006" /><testcase classname="tests.test_iter38_rbac" name="test_support_role_can_read_ops_module[/admin/proxmox/templates]" time="0.683" /><testcase classname="tests.test_iter38_rbac" name="test_support_role_can_read_ops_module[/admin/products]" time="0.005" /><testcase classname="tests.test_iter38_rbac" name="test_support_role_can_read_ops_module[/admin/services]" time="0.006" /><testcase classname="tests.test_iter38_rbac" name="test_support_role_can_read_ops_module[/admin/system/health]" time="0.016" /><testcase classname="tests.test_iter38_rbac" name="test_cross_role_forbidden[finance-/admin/mikrotik/devices]" time="0.004" /><testcase classname="tests.test_iter38_rbac" name="test_cross_role_forbidden[support-/admin/finance/detailed]" time="0.004" /><testcase classname="tests.test_iter38_rbac" name="test_cross_role_forbidden[ticket_only-/admin/finance/detailed]" time="0.004" /><testcase classname="tests.test_iter38_rbac" name="test_cross_role_forbidden[ticket_only-/admin/services]" time="0.003" /><testcase classname="tests.test_iter38_rbac" name="test_cross_role_forbidden[sales-/admin/assets]" time="0.003" /><testcase classname="tests.test_iter38_rbac" name="test_sankey_no_mock_data" time="0.004" /><testcase classname="tests.test_iter38_rbac" name="test_admin_can_access_all[/admin/finance/detailed]" time="0.008" /><testcase classname="tests.test_iter38_rbac" name="test_admin_can_access_all[/admin/finance/reports]" time="0.004" /><testcase classname="tests.test_iter38_rbac" name="test_admin_can_access_all[/admin/finance/cashflow-forecast]" time="0.009" /><testcase classname="tests.test_iter38_rbac" name="test_admin_can_access_all[/admin/reports/monthly]" time="0.004" /><testcase classname="tests.test_iter38_rbac" name="test_admin_can_access_all[/admin/assets]" time="0.004" /><testcase classname="tests.test_iter38_rbac" name="test_admin_can_access_all[/admin/expenses]" time="0.003" /><testcase classname="tests.test_iter38_rbac" name="test_admin_can_access_all[/admin/credit-notes]" time="0.011" /><testcase classname="tests.test_iter38_rbac" name="test_admin_can_access_all[/admin/services0]" time="0.006" /><testcase classname="tests.test_iter38_rbac" name="test_admin_can_access_all[/admin/bank-accounts]" time="0.004" /><testcase classname="tests.test_iter38_rbac" name="test_admin_can_access_all[/admin/mikrotik/devices]" time="0.004" /><testcase classname="tests.test_iter38_rbac" name="test_admin_can_access_all[/admin/noc/devices]" time="0.008" /><testcase classname="tests.test_iter38_rbac" name="test_admin_can_access_all[/admin/noc/events]" time="0.004" /><testcase classname="tests.test_iter38_rbac" name="test_admin_can_access_all[/admin/noc/netflow/sankey]" time="0.004" /><testcase classname="tests.test_iter38_rbac" name="test_admin_can_access_all[/admin/diagnostics/tools]" time="0.004" /><testcase classname="tests.test_iter38_rbac" name="test_admin_can_access_all[/admin/proxmox/templates]" time="0.674" /><testcase classname="tests.test_iter38_rbac" name="test_admin_can_access_all[/admin/products]" time="0.005" /><testcase classname="tests.test_iter38_rbac" name="test_admin_can_access_all[/admin/services1]" time="0.006" /><testcase classname="tests.test_iter38_rbac" name="test_admin_can_access_all[/admin/system/health]" time="0.017" /></testsuite></testsuites>