<?xml version="1.0" encoding="utf-8"?><testsuites name="pytest tests"><testsuite name="pytest" errors="0" failures="0" skipped="0" tests="6" time="0.866" timestamp="2026-07-23T12:17:26.524048+00:00" hostname="agent-env-0e056b03-4b01-42e7-ae28-6fab63f8dbec"><testcase classname="tests.test_iter28_regression_smoke.TestBranding" name="test_branding_returns_200_json" time="0.180" /><testcase classname="tests.test_iter28_regression_smoke.TestBranding" name="test_logo_light_is_webp_data_uri" time="0.073" /><testcase classname="tests.test_iter28_regression_smoke.TestBranding" name="test_logo_dark_is_webp_data_uri" time="0.081" /><testcase classname="tests.test_iter28_regression_smoke.TestSitemap" name="test_sitemap_returns_xml" time="0.050" /><testcase classname="tests.test_iter28_regression_smoke.TestAdminLogin" name="test_admin_login_returns_token" time="0.277" /><testcase classname="tests.test_iter28_regression_smoke.TestInvoicePdfLogo" name="test_first_invoice_pdf_preview_has_130px_logo_css" time="0.156" /></testsuite></testsuites>