<?xml version="1.0" encoding="utf-8"?><testsuites name="pytest tests"><testsuite name="pytest" errors="0" failures="0" skipped="0" tests="15" time="2.287" timestamp="2026-07-23T15:04:07.808643+00:00" hostname="agent-env-0e056b03-4b01-42e7-ae28-6fab63f8dbec"><testcase classname="tests.test_iter29_bugfix_batch2.TestB1MailInboxAndMessage" name="test_admin_inbox_returns_200_array" time="0.754" /><testcase classname="tests.test_iter29_bugfix_batch2.TestRegression" name="test_admin_can_access_invoices" time="0.796" /><testcase classname="tests.test_iter29_bugfix_batch2.TestB1MailInboxAndMessage" name="test_first_message_returns_body" time="0.144" /><testcase classname="tests.test_iter29_bugfix_batch2.TestRegression" name="test_admin_can_access_orders" time="0.107" /><testcase classname="tests.test_iter29_bugfix_batch2.TestB1MailInboxAndMessage" name="test_bogus_imap_id_returns_404_not_500" time="0.072" /><testcase classname="tests.test_iter29_bugfix_batch2.TestRegression" name="test_admin_can_access_quotations" time="0.065" /><testcase classname="tests.test_iter29_bugfix_batch2.TestRegression" name="test_branding_still_webp_data_uri" time="0.174" /><testcase classname="tests.test_iter29_bugfix_batch2.TestB1MailInboxAndMessage" name="test_bogus_mongo_id_returns_400" time="0.072" /><testcase classname="tests.test_iter29_bugfix_batch2.TestRegression" name="test_sitemap_still_valid" time="0.267" /><testcase classname="tests.test_iter29_bugfix_batch2.TestF2CatalogFinanceRole" name="test_catalog_returns_30_menus_and_feature_flags" time="0.070" /><testcase classname="tests.test_iter29_bugfix_batch2.TestF2CatalogFinanceRole" name="test_finance_role_in_default_roles_for_15_keys" time="0.228" /><testcase classname="tests.test_iter29_bugfix_batch2.TestB3DashboardOverdueField" name="test_dashboard_stats_include_overdue_invoices_as_int" time="0.070" /><testcase classname="tests.test_iter29_bugfix_batch2.TestB2SalesOrdersQuotations" name="test_sales_orders_returns_200_json_array" time="0.738" /><testcase classname="tests.test_iter29_bugfix_batch2.TestB2SalesOrdersQuotations" name="test_sales_quotations_returns_200_json_array" time="0.071" /><testcase classname="tests.test_iter29_bugfix_batch2.TestB2SalesOrdersQuotations" name="test_sales_users_returns_only_assigned_clients" time="0.070" /></testsuite></testsuites>