<?xml version="1.0" encoding="utf-8"?><testsuites name="pytest tests"><testsuite name="pytest" errors="0" failures="0" skipped="1" tests="63" time="5.233" timestamp="2026-08-03T03:33:13.558306+00:00" hostname="agent-env-938b9021-6b02-4826-83d0-cab38197f489"><testcase classname="tests.test_iter42_routes_split_smoke.TestFinance" name="test_finance_endpoints[/admin/finance/summary]" time="0.461" /><testcase classname="tests.test_iter42_routes_split_smoke.TestBilling" name="test_invoices_list" time="0.917" /><testcase classname="tests.test_iter42_routes_split_smoke.TestFinance" name="test_finance_endpoints[/admin/finance/detailed]" time="0.008" /><testcase classname="tests.test_iter42_routes_split_smoke.TestFinance" name="test_finance_endpoints[/admin/credit-notes]" time="0.006" /><testcase classname="tests.test_iter42_routes_split_smoke.TestFinance" name="test_finance_endpoints[/admin/assets]" time="0.004" /><testcase classname="tests.test_iter42_routes_split_smoke.TestFinance" name="test_finance_endpoints[/admin/expenses]" time="0.004" /><testcase classname="tests.test_iter42_routes_split_smoke.TestFinance" name="test_finance_endpoints[/admin/kas-kecil]" time="0.004" /><testcase classname="tests.test_iter42_routes_split_smoke.TestFinance" name="test_finance_endpoints[/admin/salaries]" time="0.005" /><testcase classname="tests.test_iter42_routes_split_smoke.TestFinance" name="test_finance_endpoints[/admin/sales-fees]" time="0.005" /><testcase classname="tests.test_iter42_routes_split_smoke.TestTickets" name="test_client_create_ticket" time="0.236" /><testcase classname="tests.test_iter42_routes_split_smoke.TestTickets" name="test_client_reply" time="0.004" /><testcase classname="tests.test_iter42_routes_split_smoke.TestTickets" name="test_admin_view_tickets" time="0.033" /><testcase classname="tests.test_iter42_routes_split_smoke.TestTickets" name="test_admin_reply_and_status" time="0.008" /><testcase classname="tests.test_iter42_routes_split_smoke.TestTickets" name="test_cleanup_ticket" time="0.004" /><testcase classname="tests.test_iter42_routes_split_smoke.TestCMS" name="test_landing_content" time="0.004" /><testcase classname="tests.test_iter42_routes_split_smoke.TestCMS" name="test_branding" time="0.023" /><testcase classname="tests.test_iter42_routes_split_smoke.TestCMS" name="test_public_articles" time="0.007" /><testcase classname="tests.test_iter42_routes_split_smoke.TestCMS" name="test_public_status" time="0.019" /><testcase classname="tests.test_iter42_routes_split_smoke.TestCMS" name="test_sitemap" time="0.005" /><testcase classname="tests.test_iter42_routes_split_smoke.TestAdminCore" name="test_dashboard" time="0.021" /><testcase classname="tests.test_iter42_routes_split_smoke.TestAdminCore" name="test_system_health" time="0.020" /><testcase classname="tests.test_iter42_routes_split_smoke.TestAdminCore" name="test_system_version" time="0.030" /><testcase classname="tests.test_iter42_routes_split_smoke.TestBilling" name="test_invoice_detail" time="0.007" /><testcase classname="tests.test_iter42_routes_split_smoke.TestBilling" name="test_quotations" time="0.041" /><testcase classname="tests.test_iter42_routes_split_smoke.TestAdminCore" name="test_backup_history" time="0.006" /><testcase classname="tests.test_iter42_routes_split_smoke.TestBusiness" name="test_business_endpoints[/admin/crm]" time="0.016" /><testcase classname="tests.test_iter42_routes_split_smoke.TestBusiness" name="test_business_endpoints[/admin/projects]" time="0.006" /><testcase classname="tests.test_iter42_routes_split_smoke.TestBusiness" name="test_business_endpoints[/admin/followups]" time="0.008" /><testcase classname="tests.test_iter42_routes_split_smoke.TestBusiness" name="test_business_endpoints[/admin/content-calendar]" time="0.007" /><testcase classname="tests.test_iter42_routes_split_smoke.TestBilling" name="test_orders" time="0.008" /><testcase classname="tests.test_iter42_routes_split_smoke.TestDCIM" name="test_dcim_endpoints[/admin/dcim/prefixes]" time="0.005" /><testcase classname="tests.test_iter42_routes_split_smoke.TestBilling" name="test_billing_settings" time="0.010" /><testcase classname="tests.test_iter42_routes_split_smoke.TestDCIM" name="test_dcim_endpoints[/admin/dcim/racks]" time="0.007" /><testcase classname="tests.test_iter42_routes_split_smoke.TestDCIM" name="test_dcim_endpoints[/admin/dcim/ips]" time="0.007" /><testcase classname="tests.test_iter42_routes_split_smoke.TestDCIM" name="test_dcim_endpoints[/admin/dcim/sites]" time="0.227" /><testcase classname="tests.test_iter42_routes_split_smoke.TestClient" name="test_client_dashboard" time="0.246" /><testcase classname="tests.test_iter42_routes_split_smoke.TestLifecycle" name="test_admin_services" time="0.007" /><testcase classname="tests.test_iter42_routes_split_smoke.TestLifecycle" name="test_service_detail" time="0.005" /><testcase classname="tests.test_iter42_routes_split_smoke.TestClient" name="test_client_services" time="0.007" /><testcase classname="tests.test_iter42_routes_split_smoke.TestLifecycle" name="test_service_requests" time="0.007" /><testcase classname="tests.test_iter42_routes_split_smoke.TestClient" name="test_client_invoices" time="0.463" /><testcase classname="tests.test_iter42_routes_split_smoke.TestCatalog" name="test_products" time="0.006" /><testcase classname="tests.test_iter42_routes_split_smoke.TestCatalog" name="test_categories" time="0.011" /><testcase classname="tests.test_iter42_routes_split_smoke.TestCatalog" name="test_public_products_no_auth" time="0.005" /><testcase classname="tests.test_iter42_routes_split_smoke.TestNOC" name="test_noc_endpoints[/admin/noc/devices]" time="0.031" /><testcase classname="tests.test_iter42_routes_split_smoke.TestNOC" name="test_noc_endpoints[/admin/mikrotik/devices]" time="0.006" /><testcase classname="tests.test_iter42_routes_split_smoke.TestNOC" name="test_noc_endpoints[/admin/noc/threshold-rules]" time="0.005" /><testcase classname="tests.test_iter42_routes_split_smoke.TestSecurity" name="test_security_endpoints[/admin/security/login-analytics]" time="0.013" /><testcase classname="tests.test_iter42_routes_split_smoke.TestSecurity" name="test_security_endpoints[/admin/security/settings]" time="0.006" /><testcase classname="tests.test_iter42_routes_split_smoke.TestSecurity" name="test_security_endpoints[/admin/security/blocked-ips]" time="0.005" /><testcase classname="tests.test_iter42_routes_split_smoke.TestEmail" name="test_email_endpoints[/admin/email-templates]" time="0.007" /><testcase classname="tests.test_iter42_routes_split_smoke.TestEmail" name="test_email_endpoints[/admin/email-logs]" time="0.039" /><testcase classname="tests.test_iter42_routes_split_smoke.TestEmail" name="test_email_endpoints[/admin/email/event-catalog]" time="0.005" /><testcase classname="tests.test_iter42_routes_split_smoke.TestUsers" name="test_users_endpoints[/admin/users]" time="0.010" /><testcase classname="tests.test_iter42_routes_split_smoke.TestUsers" name="test_users_endpoints[/admin/user-access-catalog]" time="0.005" /><testcase classname="tests.test_iter42_routes_split_smoke.TestUsers" name="test_users_endpoints[/admin/audit-logs]" time="0.022" /><testcase classname="tests.test_iter42_routes_split_smoke.TestAuth" name="test_login_and_me" time="0.004" /><testcase classname="tests.test_iter42_routes_split_smoke.TestAuth" name="test_client_login_and_me" time="0.004" /><testcase classname="tests.test_iter42_routes_split_smoke.TestDocuments" name="test_invoice_html_and_pdf" time="0.000"><skipped type="pytest.skip" message="no invoice">/app/backend/tests/test_iter42_routes_split_smoke.py:258: no invoice</skipped></testcase><testcase classname="tests.test_iter42_routes_split_smoke.TestRBAC" name="test_sales_cannot_list_invoices" time="0.234" /><testcase classname="tests.test_iter42_routes_split_smoke.TestIntegrations" name="test_integrations_v2" time="0.008" /><testcase classname="tests.test_iter42_routes_split_smoke.TestIntegrations" name="test_integrations_hub" time="0.004" /><testcase classname="tests.test_iter42_routes_split_smoke.TestIntegrations" name="test_integrations_modules" time="0.005" /></testsuite></testsuites>