<?xml version="1.0" encoding="utf-8"?><testsuites name="pytest tests"><testsuite name="pytest" errors="0" failures="0" skipped="0" tests="14" time="3.291" timestamp="2026-07-23T04:33:51.354633+00:00" hostname="agent-env-0e056b03-4b01-42e7-ae28-6fab63f8dbec"><testcase classname="tests.test_landing_cms_and_backup.TestLoginRegression" name="test_admin_login_200" time="0.449" /><testcase classname="tests.test_landing_cms_and_backup.TestLandingCMS" name="test_public_get_shape" time="0.047" /><testcase classname="tests.test_landing_cms_and_backup.TestLandingCMS" name="test_admin_post_and_persist" time="0.358" /><testcase classname="tests.test_landing_cms_and_backup.TestLandingCMS" name="test_admin_post_requires_auth" time="0.044" /><testcase classname="tests.test_landing_cms_and_backup.TestLandingCMS" name="test_size_cap_413" time="0.135" /><testcase classname="tests.test_landing_cms_and_backup.TestLandingCMS" name="test_admin_delete_wipes" time="0.089" /><testcase classname="tests.test_landing_cms_and_backup.TestLandingCMS" name="test_admin_delete_requires_auth" time="0.048" /><testcase classname="tests.test_landing_cms_and_backup.TestBackupDownload" name="test_requires_auth" time="0.045" /><testcase classname="tests.test_landing_cms_and_backup.TestBackupDownload" name="test_download_ok" time="0.138" /><testcase classname="tests.test_landing_cms_and_backup.TestBackupRestore" name="test_no_confirm_400" time="0.043" /><testcase classname="tests.test_landing_cms_and_backup.TestBackupRestore" name="test_empty_body_400" time="0.047" /><testcase classname="tests.test_landing_cms_and_backup.TestBackupRestore" name="test_requires_auth" time="0.043" /><testcase classname="tests.test_landing_cms_and_backup.TestBackupRestore" name="test_round_trip" time="1.308" /><testcase classname="tests.test_landing_cms_and_backup.TestMikrotikRegression" name="test_mikrotik_devices_list" time="0.420" /></testsuite></testsuites>