<?xml version="1.0" encoding="utf-8"?><testsuites name="pytest tests"><testsuite name="pytest" errors="0" failures="0" skipped="0" tests="7" time="9.203" timestamp="2026-07-30T06:59:20.971658+00:00" hostname="agent-env-e0552557-4f65-4aad-8666-6dc7862d0950"><testcase classname="tests.test_iter37_features" name="test_proxmox_templates_returns_200_with_empty_list" time="0.949" /><testcase classname="tests.test_iter37_features" name="test_proxmox_create_no_template_returns_400_indonesian" time="0.693" /><testcase classname="tests.test_iter37_features" name="test_credit_note_preview_pdf_bytes" time="1.549" /><testcase classname="tests.test_iter37_features" name="test_credit_note_preview_zero_amount_400" time="0.119" /><testcase classname="tests.test_iter37_features" name="test_credit_note_preview_bad_invoice_400" time="0.004" /><testcase classname="tests.test_iter37_features" name="test_traffic_source_set_and_clear" time="0.027" /><testcase classname="tests.test_iter37_features" name="test_welcome_email_logged_on_user_create" time="2.294" /></testsuite></testsuites>