<?xml version="1.0" encoding="utf-8"?><testsuites name="pytest tests"><testsuite name="pytest" errors="0" failures="0" skipped="0" tests="27" time="2.570" timestamp="2026-07-22T15:14:28.876640+00:00" hostname="agent-env-0e056b03-4b01-42e7-ae28-6fab63f8dbec"><testcase classname="tests.test_assets_straight_line.TestDepreciationFormula" name="test_validation_case" time="0.463" /><testcase classname="tests.test_login_analytics.TestLoginAnalytics" name="test_01_analytics_requires_auth" time="0.466" /><testcase classname="tests.test_assets_straight_line.TestDepreciationFormula" name="test_zero_salvage" time="0.004" /><testcase classname="tests.test_assets_straight_line.TestDepreciationFormula" name="test_life_one_year" time="0.254" /><testcase classname="tests.test_login_analytics.TestLoginAnalytics" name="test_02_analytics_forbidden_for_client" time="0.258" /><testcase classname="tests.test_assets_straight_line.TestDepreciationFormula" name="test_mid_year_acquisition_partial" time="0.003" /><testcase classname="tests.test_login_analytics.TestLoginAnalytics" name="test_03_analytics_ok_for_admin" time="0.005" /><testcase classname="tests.test_assets_straight_line.TestAssetCrud" name="test_get_single_returns_schedule" time="0.008" /><testcase classname="tests.test_login_analytics.TestLoginAnalytics" name="test_04_successful_admin_login_recorded" time="0.267" /><testcase classname="tests.test_assets_straight_line.TestAssetCrud" name="test_update_reflects_new_depreciation" time="0.255" /><testcase classname="tests.test_assets_straight_line.TestAssetCrud" name="test_delete_asset" time="0.020" /><testcase classname="tests.test_login_analytics.TestLoginAnalytics" name="test_05_brute_force_failures_aggregate" time="0.025" /><testcase classname="tests.test_assets_straight_line.TestAssetCrud" name="test_list_includes_new_fields" time="0.007" /><testcase classname="tests.test_assets_straight_line.TestFinanceEndpoints" name="test_finance_detailed_assets_rows" time="0.016" /><testcase classname="tests.test_login_analytics.TestLoginAnalytics" name="test_06_recaptcha_missing_and_failed_logged" time="0.227" /><testcase classname="tests.test_assets_straight_line.TestFinanceEndpoints" name="test_finance_report_depreciation_matches_accumulated" time="0.062" /><testcase classname="tests.test_assets_straight_line.TestFinanceEndpoints" name="test_finance_report_shape" time="0.006" /><testcase classname="tests.test_assets_straight_line.TestLegacyInputMigration" name="test_depreciation_percent_maps_to_useful_life_years" time="0.004" /><testcase classname="tests.test_assets_straight_line.TestLegacyInputMigration" name="test_useful_life_months_maps_to_years" time="0.005" /><testcase classname="tests.test_assets_straight_line.TestAuthHealth" name="test_auth_me_returns_admin" time="0.028" /><testcase classname="tests.test_login_analytics.TestLoginAnalytics" name="test_07_series_bucket_counts_24h" time="0.005" /><testcase classname="tests.test_login_analytics.TestLoginAnalytics" name="test_08_series_bucket_counts_7d" time="0.005" /><testcase classname="tests.test_login_analytics.TestLoginAnalytics" name="test_09_series_bucket_counts_30d" time="0.005" /><testcase classname="tests.test_login_analytics.TestLoginAnalytics" name="test_10_score_distribution_shape" time="0.005" /><testcase classname="tests.test_login_analytics.TestLoginAnalytics" name="test_11_all_windows_return_valid" time="0.013" /><testcase classname="tests.test_login_analytics.TestLoginAnalytics" name="test_12_recent_limit_default_and_capped" time="0.694" /><testcase classname="tests.test_login_analytics.TestLoginAnalytics" name="test_13_unknown_window_defaults" time="0.009" /></testsuite></testsuites>