<?xml version="1.0" encoding="utf-8"?><testsuites name="pytest tests"><testsuite name="pytest" errors="0" failures="0" skipped="0" tests="13" time="2.270" timestamp="2026-07-22T15:40:58.992742+00:00" hostname="agent-env-0e056b03-4b01-42e7-ae28-6fab63f8dbec"><testcase classname="tests.test_login_analytics.TestLoginAnalytics" name="test_01_analytics_requires_auth" time="0.290" /><testcase classname="tests.test_login_analytics.TestLoginAnalytics" name="test_02_analytics_forbidden_for_client" time="0.241" /><testcase classname="tests.test_login_analytics.TestLoginAnalytics" name="test_03_analytics_ok_for_admin" time="0.005" /><testcase classname="tests.test_login_analytics.TestLoginAnalytics" name="test_04_successful_admin_login_recorded" time="0.240" /><testcase classname="tests.test_login_analytics.TestLoginAnalytics" name="test_05_brute_force_failures_aggregate" time="0.021" /><testcase classname="tests.test_login_analytics.TestLoginAnalytics" name="test_06_recaptcha_missing_and_failed_logged" time="0.125" /><testcase classname="tests.test_login_analytics.TestLoginAnalytics" name="test_07_series_bucket_counts_24h" time="0.005" /><testcase classname="tests.test_login_analytics.TestLoginAnalytics" name="test_08_series_bucket_counts_7d" time="0.005" /><testcase classname="tests.test_login_analytics.TestLoginAnalytics" name="test_09_series_bucket_counts_30d" time="0.005" /><testcase classname="tests.test_login_analytics.TestLoginAnalytics" name="test_10_score_distribution_shape" time="0.006" /><testcase classname="tests.test_login_analytics.TestLoginAnalytics" name="test_11_all_windows_return_valid" time="0.017" /><testcase classname="tests.test_login_analytics.TestLoginAnalytics" name="test_12_recent_limit_default_and_capped" time="0.699" /><testcase classname="tests.test_login_analytics.TestLoginAnalytics" name="test_13_unknown_window_defaults" time="0.011" /></testsuite></testsuites>