<?xml version="1.0" encoding="utf-8"?><testsuites name="pytest tests"><testsuite name="pytest" errors="0" failures="1" skipped="0" tests="13" time="2.298" timestamp="2026-07-22T15:13:34.887497+00:00" hostname="agent-env-0e056b03-4b01-42e7-ae28-6fab63f8dbec"><testcase classname="tests.test_login_analytics.TestLoginAnalytics" name="test_01_analytics_requires_auth" time="0.239" /><testcase classname="tests.test_login_analytics.TestLoginAnalytics" name="test_02_analytics_forbidden_for_client" time="0.233" /><testcase classname="tests.test_login_analytics.TestLoginAnalytics" name="test_03_analytics_ok_for_admin" time="0.004" /><testcase classname="tests.test_login_analytics.TestLoginAnalytics" name="test_04_successful_admin_login_recorded" time="0.243" /><testcase classname="tests.test_login_analytics.TestLoginAnalytics" name="test_05_brute_force_failures_aggregate" time="0.017" /><testcase classname="tests.test_login_analytics.TestLoginAnalytics" name="test_06_recaptcha_missing_and_failed_logged" time="0.183" /><testcase classname="tests.test_login_analytics.TestLoginAnalytics" name="test_07_series_bucket_counts_24h" time="0.004" /><testcase classname="tests.test_login_analytics.TestLoginAnalytics" name="test_08_series_bucket_counts_7d" time="0.004" /><testcase classname="tests.test_login_analytics.TestLoginAnalytics" name="test_09_series_bucket_counts_30d" time="0.004" /><testcase classname="tests.test_login_analytics.TestLoginAnalytics" name="test_10_score_distribution_shape" time="0.004" /><testcase classname="tests.test_login_analytics.TestLoginAnalytics" name="test_11_all_windows_return_valid" time="0.011" /><testcase classname="tests.test_login_analytics.TestLoginAnalytics" name="test_12_recent_limit_default_and_capped" time="0.699" /><testcase classname="tests.test_login_analytics.TestLoginAnalytics" name="test_13_unknown_window_defaults" time="0.008"><failure message="AssertionError: assert 31 == 25&#10; +  where 31 = len([{'bucket': '2026-06-22', 'success': 0, 'failed': 0, 'recaptcha_block': 0}, {'bucket': '2026-06-23', 'success': 0, 'failed': 0, 'recaptcha_block': 0}, {'bucket': '2026-06-24', 'success': 0, 'failed': 0, 'recaptcha_block': 0}, {'bucket': '2026-06-25', 'success': 0, 'failed': 0, 'recaptcha_block': 0}, {'bucket': '2026-06-26', 'success': 0, 'failed': 0, 'recaptcha_block': 0}, {'bucket': '2026-06-27', 'success': 0, 'failed': 0, 'recaptcha_block': 0}, ...])">backend/tests/test_login_analytics.py:269: in test_13_unknown_window_defaults
    assert len(data["series"]) == 25
E   AssertionError: assert 31 == 25
E    +  where 31 = len([{'bucket': '2026-06-22', 'success': 0, 'failed': 0, 'recaptcha_block': 0}, {'bucket': '2026-06-23', 'success': 0, 'failed': 0, 'recaptcha_block': 0}, {'bucket': '2026-06-24', 'success': 0, 'failed': 0, 'recaptcha_block': 0}, {'bucket': '2026-06-25', 'success': 0, 'failed': 0, 'recaptcha_block': 0}, {'bucket': '2026-06-26', 'success': 0, 'failed': 0, 'recaptcha_block': 0}, {'bucket': '2026-06-27', 'success': 0, 'failed': 0, 'recaptcha_block': 0}, ...])</failure></testcase></testsuite></testsuites>