<?xml version="1.0" encoding="utf-8"?><testsuites name="pytest tests"><testsuite name="pytest" errors="0" failures="2" skipped="0" tests="40" time="3.163" timestamp="2026-07-22T15:13:56.814760+00:00" hostname="agent-env-0e056b03-4b01-42e7-ae28-6fab63f8dbec"><testcase classname="tests.test_recaptcha_auth.TestRecaptchaAuth" name="test_01_auth_config_disabled_by_default" time="0.501" /><testcase classname="tests.test_login_analytics.TestLoginAnalytics" name="test_01_analytics_requires_auth" time="0.500" /><testcase classname="tests.test_recaptcha_auth.TestRecaptchaAuth" name="test_02_schema_has_recaptcha" time="0.257" /><testcase classname="tests.test_login_analytics.TestLoginAnalytics" name="test_02_analytics_forbidden_for_client" time="0.259" /><testcase classname="tests.test_recaptcha_auth.TestRecaptchaAuth" name="test_03_put_persists_and_masks_secrets" time="0.016" /><testcase classname="tests.test_login_analytics.TestLoginAnalytics" name="test_03_analytics_ok_for_admin" time="0.005" /><testcase classname="tests.test_login_analytics.TestLoginAnalytics" name="test_04_successful_admin_login_recorded" time="0.008"><failure message="AssertionError: {&quot;detail&quot;:&quot;Missing reCAPTCHA token&quot;}&#10;assert 400 == 200&#10; +  where 400 = &lt;Response [400]&gt;.status_code">backend/tests/test_login_analytics.py:130: in test_04_successful_admin_login_recorded
    assert r.status_code == 200, r.text
E   AssertionError: {"detail":"Missing reCAPTCHA token"}
E   assert 400 == 200
E    +  where 400 = &lt;Response [400]&gt;.status_code</failure></testcase><testcase classname="tests.test_recaptcha_auth.TestRecaptchaAuth" name="test_04_login_without_token_works_when_disabled" time="0.272" /><testcase classname="tests.test_login_analytics.TestLoginAnalytics" name="test_05_brute_force_failures_aggregate" time="0.511" /><testcase classname="tests.test_recaptcha_auth.TestRecaptchaAuth" name="test_05_register_without_token_works_when_disabled" time="0.261" /><testcase classname="tests.test_login_analytics.TestLoginAnalytics" name="test_06_recaptcha_missing_and_failed_logged" time="0.019"><failure message="AssertionError: {&quot;detail&quot;:&quot;Invalid email or password&quot;}&#10;assert 401 == 400&#10; +  where 401 = &lt;Response [401]&gt;.status_code">backend/tests/test_login_analytics.py:186: in test_06_recaptcha_missing_and_failed_logged
    assert r1.status_code == 400, r1.text
E   AssertionError: {"detail":"Invalid email or password"}
E   assert 401 == 400
E    +  where 401 = &lt;Response [401]&gt;.status_code</failure></testcase><testcase classname="tests.test_recaptcha_auth.TestRecaptchaAuth" name="test_06_forgot_password_without_token_works_when_disabled" time="0.009" /><testcase classname="tests.test_recaptcha_auth.TestRecaptchaAuth" name="test_07_auth_config_exposes_site_key_when_enabled" time="0.006" /><testcase classname="tests.test_recaptcha_auth.TestRecaptchaAuth" name="test_08_login_missing_token_blocked" time="0.039" /><testcase classname="tests.test_login_analytics.TestLoginAnalytics" name="test_07_series_bucket_counts_24h" time="0.031" /><testcase classname="tests.test_login_analytics.TestLoginAnalytics" name="test_08_series_bucket_counts_7d" time="0.005" /><testcase classname="tests.test_login_analytics.TestLoginAnalytics" name="test_09_series_bucket_counts_30d" time="0.005" /><testcase classname="tests.test_recaptcha_auth.TestRecaptchaAuth" name="test_09_login_garbage_token_blocked" time="0.103" /><testcase classname="tests.test_login_analytics.TestLoginAnalytics" name="test_10_score_distribution_shape" time="0.036" /><testcase classname="tests.test_login_analytics.TestLoginAnalytics" name="test_11_all_windows_return_valid" time="0.013" /><testcase classname="tests.test_login_analytics.TestLoginAnalytics" name="test_12_recent_limit_default_and_capped" time="0.039" /><testcase classname="tests.test_login_analytics.TestLoginAnalytics" name="test_13_unknown_window_defaults" time="0.009" /><testcase classname="tests.test_recaptcha_auth.TestRecaptchaAuth" name="test_10_register_missing_token_blocked" time="0.244" /><testcase classname="tests.test_assets_straight_line.TestDepreciationFormula" name="test_validation_case" time="0.247" /><testcase classname="tests.test_recaptcha_auth.TestRecaptchaAuth" name="test_11_forgot_password_missing_token_blocked" time="0.008" /><testcase classname="tests.test_assets_straight_line.TestDepreciationFormula" name="test_zero_salvage" time="0.004" /><testcase classname="tests.test_assets_straight_line.TestDepreciationFormula" name="test_life_one_year" time="0.004" /><testcase classname="tests.test_recaptcha_auth.TestRecaptchaAuth" name="test_12_disable_reflected_immediately" time="0.276" /><testcase classname="tests.test_assets_straight_line.TestDepreciationFormula" name="test_mid_year_acquisition_partial" time="0.004" /><testcase classname="tests.test_assets_straight_line.TestAssetCrud" name="test_get_single_returns_schedule" time="0.032" /><testcase classname="tests.test_assets_straight_line.TestAssetCrud" name="test_update_reflects_new_depreciation" time="0.240" /><testcase classname="tests.test_recaptcha_auth.TestRecaptchaAuth" name="test_13_login_payload_without_recaptcha_field" time="0.247" /><testcase classname="tests.test_assets_straight_line.TestAssetCrud" name="test_delete_asset" time="0.243" /><testcase classname="tests.test_assets_straight_line.TestAssetCrud" name="test_list_includes_new_fields" time="0.237" /><testcase classname="tests.test_assets_straight_line.TestFinanceEndpoints" name="test_finance_detailed_assets_rows" time="0.253" /><testcase classname="tests.test_assets_straight_line.TestLegacyInputMigration" name="test_depreciation_percent_maps_to_useful_life_years" time="0.004" /><testcase classname="tests.test_assets_straight_line.TestLegacyInputMigration" name="test_useful_life_months_maps_to_years" time="0.004" /><testcase classname="tests.test_assets_straight_line.TestFinanceEndpoints" name="test_finance_report_depreciation_matches_accumulated" time="0.007" /><testcase classname="tests.test_assets_straight_line.TestAuthHealth" name="test_auth_me_returns_admin" time="0.069" /><testcase classname="tests.test_assets_straight_line.TestFinanceEndpoints" name="test_finance_report_shape" time="0.009" /></testsuite></testsuites>