<?xml version="1.0" encoding="utf-8"?><testsuites name="pytest tests"><testsuite name="pytest" errors="0" failures="0" skipped="0" tests="11" time="31.771" timestamp="2026-07-23T03:07:21.592079+00:00" hostname="agent-env-0e056b03-4b01-42e7-ae28-6fab63f8dbec"><testcase classname="tests.test_looking_glass_live.TestBgpRouteLookup" name="test_bgp_covers_host_ip" time="8.872" /><testcase classname="tests.test_looking_glass_live.TestBgpRouteLookup" name="test_bgp_default_route" time="1.428" /><testcase classname="tests.test_looking_glass_live.TestBgpRouteLookup" name="test_bgp_invalid_input_graceful" time="0.053" /><testcase classname="tests.test_looking_glass_live.TestLookingGlassSrcAddress" name="test_ping_with_src_address" time="5.445" /><testcase classname="tests.test_looking_glass_live.TestLookingGlassSrcAddress" name="test_traceroute_with_src_address" time="1.526" /><testcase classname="tests.test_looking_glass_live.TestLookingGlassSrcAddress" name="test_ping_without_src_address" time="5.455" /><testcase classname="tests.test_looking_glass_live.TestMikrotikRegression" name="test_device_test" time="1.481" /><testcase classname="tests.test_looking_glass_live.TestMikrotikRegression" name="test_interfaces_list" time="1.436" /><testcase classname="tests.test_looking_glass_live.TestMikrotikRegression" name="test_traffic" time="2.885" /><testcase classname="tests.test_looking_glass_live.TestMikrotikRegression" name="test_blackhole_list" time="1.437" /><testcase classname="tests.test_looking_glass_live.TestMikrotikRegression" name="test_backups_list" time="1.680" /></testsuite></testsuites>