<?xml version="1.0" encoding="utf-8"?><testsuites name="pytest tests"><testsuite name="pytest" errors="0" failures="0" skipped="0" tests="3" time="3.339" timestamp="2026-07-22T13:15:30.652169+00:00" hostname="agent-env-3a1c0280-9b80-40a5-9739-6b2ce837f7a1"><testcase classname="tests.test_mail_delivery_paths.TestMailInboxIMAPFallback" name="test_inbox_gracefully_falls_back_when_imap_unreachable" time="1.350" /><testcase classname="tests.test_mail_delivery_paths.TestMailSendPaths" name="test_send_smtp_disabled_uses_legacy_or_queue" time="1.223" /><testcase classname="tests.test_mail_delivery_paths.TestMailSendPaths" name="test_send_smtp_enabled_unreachable_marks_failed" time="0.549" /></testsuite></testsuites>