<?xml version="1.0" encoding="utf-8"?><testsuites name="pytest tests"><testsuite name="pytest" errors="0" failures="0" skipped="0" tests="35" time="2.005" timestamp="2026-07-23T02:00:46.535429+00:00" hostname="agent-env-0e056b03-4b01-42e7-ae28-6fab63f8dbec"><testcase classname="tests.test_mikrotik_devices.TestDevicesCrud" name="test_01_initial_list_no_legacy" time="0.482" /><testcase classname="tests.test_mikrotik_devices.TestLookingGlass" name="test_14_ping_unreachable_ok_false" time="0.487" /><testcase classname="tests.test_mikrotik_devices.TestDevicesCrud" name="test_02_create_device" time="0.003" /><testcase classname="tests.test_mikrotik_devices.TestDevicesCrud" name="test_03_get_device_via_list" time="0.005" /><testcase classname="tests.test_mikrotik_devices.TestLookingGlass" name="test_15_traceroute_unreachable_ok_false" time="0.003" /><testcase classname="tests.test_mikrotik_devices.TestDevicesCrud" name="test_04_create_missing_host_400" time="0.003" /><testcase classname="tests.test_mikrotik_devices.TestLookingGlass" name="test_16_bgp_route_unreachable_ok_false" time="0.003" /><testcase classname="tests.test_mikrotik_devices.TestDevicesCrud" name="test_05_update_device_fields" time="0.004" /><testcase classname="tests.test_mikrotik_devices.TestLookingGlass" name="test_17_looking_glass_invalid_tool_400" time="0.003" /><testcase classname="tests.test_mikrotik_devices.TestLookingGlass" name="test_18_looking_glass_missing_target_400" time="0.039" /><testcase classname="tests.test_mikrotik_devices.TestDevicesCrud" name="test_06_update_empty_password_does_not_overwrite" time="0.171" /><testcase classname="tests.test_mikrotik_devices.TestLiveViews" name="test_10_interfaces_returns_empty_list" time="0.003" /><testcase classname="tests.test_mikrotik_devices.TestLiveViews" name="test_11_bgp_returns_empty_list" time="0.016" /><testcase classname="tests.test_mikrotik_devices.TestLiveViews" name="test_12_system_returns_error_dict" time="0.003" /><testcase classname="tests.test_mikrotik_devices.TestLiveViews" name="test_13_traffic_returns_error_dict" time="0.003" /><testcase classname="tests.test_mikrotik_devices.TestBlackhole" name="test_19_blackhole_list_unreachable_empty" time="0.002" /><testcase classname="tests.test_mikrotik_devices.TestBlackhole" name="test_20_blackhole_add_unreachable_ok_false" time="0.002" /><testcase classname="tests.test_mikrotik_devices.TestBlackhole" name="test_21_blackhole_add_missing_prefix_400" time="0.002" /><testcase classname="tests.test_mikrotik_devices.TestBlackhole" name="test_22_blackhole_remove_unreachable_ok_false" time="0.002" /><testcase classname="tests.test_mikrotik_devices.TestRbac" name="test_30_get_endpoints_no_token_401" time="0.007" /><testcase classname="tests.test_mikrotik_devices.TestDevicesCrud" name="test_07_update_nonempty_password_persists" time="0.217" /><testcase classname="tests.test_mikrotik_devices.TestRbac" name="test_31_get_endpoints_client_403" time="0.312" /><testcase classname="tests.test_mikrotik_devices.TestDevicesCrud" name="test_08_update_missing_device_404" time="0.003" /><testcase classname="tests.test_mikrotik_devices.TestDevicesCrud" name="test_09_test_endpoint_returns_ok_false" time="0.006" /><testcase classname="tests.test_mikrotik_devices.TestRbac" name="test_32_post_endpoints_no_token_401" time="0.008" /><testcase classname="tests.test_mikrotik_devices.TestReboot" name="test_25_reboot_without_confirm_400" time="0.005" /><testcase classname="tests.test_mikrotik_devices.TestRbac" name="test_33_post_endpoints_client_403" time="0.037" /><testcase classname="tests.test_mikrotik_devices.TestReboot" name="test_26_reboot_wrong_confirm_400" time="0.002" /><testcase classname="tests.test_mikrotik_devices.TestReboot" name="test_27_reboot_confirmed_unreachable_ok_false" time="0.030" /><testcase classname="tests.test_mikrotik_devices.TestLegacyFallback" name="test_28_no_device_id_no_integration_400" time="0.017" /><testcase classname="tests.test_mikrotik_devices.TestBackups" name="test_23_backups_list_unreachable_empty" time="0.013" /><testcase classname="tests.test_mikrotik_devices.TestBackups" name="test_24_backups_create_unreachable_ok_false" time="0.010" /><testcase classname="tests.test_mikrotik_devices.TestLegacyFallback" name="test_29_no_device_id_with_legacy_falls_back" time="0.012" /><testcase classname="tests.test_mikrotik_devices.TestDeleteDevice" name="test_34_delete_device" time="0.006" /><testcase classname="tests.test_mikrotik_devices.TestDeleteDevice" name="test_35_delete_missing_device_zero" time="0.007" /></testsuite></testsuites>