<?xml version="1.0" encoding="utf-8"?><testsuites name="pytest tests"><testsuite name="pytest" errors="0" failures="0" skipped="0" tests="12" time="24.873" timestamp="2026-07-23T02:50:45.406115+00:00" hostname="agent-env-0e056b03-4b01-42e7-ae28-6fab63f8dbec"><testcase classname="tests.test_mikrotik_blackhole_live.TestBlackholeAdd" name="test_add_blackhole_v7_syntax" time="1.840" /><testcase classname="tests.test_mikrotik_blackhole_live.TestBlackholeList" name="test_list_is_fast_and_server_filtered" time="1.482" /><testcase classname="tests.test_mikrotik_blackhole_live.TestBlackholeList" name="test_list_contains_added_prefix" time="1.486" /><testcase classname="tests.test_mikrotik_blackhole_live.TestBlackholeList" name="test_list_empty_when_filter_misses" time="1.510" /><testcase classname="tests.test_mikrotik_blackhole_live.TestBlackholeDelete" name="test_delete_added_route" time="3.001" /><testcase classname="tests.test_mikrotik_blackhole_live.TestMikrotikRegression" name="test_device_test_connection" time="1.498" /><testcase classname="tests.test_mikrotik_blackhole_live.TestMikrotikRegression" name="test_interfaces_list" time="1.534" /><testcase classname="tests.test_mikrotik_blackhole_live.TestMikrotikRegression" name="test_looking_glass_ping" time="5.561" /><testcase classname="tests.test_mikrotik_blackhole_live.TestMikrotikRegression" name="test_looking_glass_traceroute" time="1.608" /><testcase classname="tests.test_mikrotik_blackhole_live.TestMikrotikRegression" name="test_traffic_ether0" time="1.484" /><testcase classname="tests.test_mikrotik_blackhole_live.TestMikrotikRegression" name="test_backups_list" time="1.712" /><testcase classname="tests.test_mikrotik_blackhole_live.TestDiagnosticsTraceroute" name="test_traceroute_returns_hops" time="2.103" /></testsuite></testsuites>