<?xml version="1.0" encoding="utf-8"?><testsuites name="pytest tests"><testsuite name="pytest" errors="0" failures="3" skipped="4" tests="27" time="3.017" timestamp="2026-07-23T03:44:33.571611+00:00" hostname="agent-env-0e056b03-4b01-42e7-ae28-6fab63f8dbec"><testcase classname="tests.test_phase_optimization.TestPhase1Gzip" name="test_gzip_engages_on_large_payload_origin" time="0.026" /><testcase classname="tests.test_phase_optimization.TestPhase1Gzip" name="test_gzip_engages_on_large_payload_external" time="0.198" /><testcase classname="tests.test_phase_optimization.TestPhase1Gzip" name="test_gzip_not_forced_on_small_payload_origin" time="0.003"><failure message="AssertionError: small 25-byte response was gzip'd — minimum_size=1024 threshold NOT respected. Content-Encoding='gzip'. Body='{&quot;message&quot;:&quot;Hello World&quot;}'. Likely cause: SecurityHeadersMiddleware (BaseHTTPMiddleware) strips Content-Length and streams body with more_body=True on the first chunk, forcing GZipResponder into 'streaming' branch.&#10;assert 'gzip' != 'gzip'">tests/test_phase_optimization.py:101: in test_gzip_not_forced_on_small_payload_origin
    assert ce != "gzip", (
E   AssertionError: small 25-byte response was gzip'd — minimum_size=1024 threshold NOT respected. Content-Encoding='gzip'. Body='{"message":"Hello World"}'. Likely cause: SecurityHeadersMiddleware (BaseHTTPMiddleware) strips Content-Length and streams body with more_body=True on the first chunk, forcing GZipResponder into 'streaming' branch.
E   assert 'gzip' != 'gzip'</failure></testcase><testcase classname="tests.test_phase_optimization.TestPhase1LazyChunks" name="test_landing_renders" time="0.103" /><testcase classname="tests.test_phase_optimization.TestPhase1LazyChunks" name="test_no_admin_page_in_initial_html" time="0.106" /><testcase classname="tests.test_phase_optimization.TestPhase1Indexes" name="test_no_index_error_in_startup_log" time="0.001" /><testcase classname="tests.test_phase_optimization.TestPhase1Indexes" name="test_invoice_service_order_lists_do_not_500" time="0.319"><skipped type="pytest.skip" message="admin login failed: 500 Internal Server Error">/app/backend/tests/test_phase_optimization.py:141: admin login failed: 500 Internal Server Error</skipped></testcase><testcase classname="tests.test_phase_optimization.TestPhase2SecurityHeaders" name="test_required_headers_present_origin[/]" time="0.003" /><testcase classname="tests.test_phase_optimization.TestPhase2SecurityHeaders" name="test_required_headers_present_origin[/api/portal/public/articles]" time="0.005" /><testcase classname="tests.test_phase_optimization.TestPhase2SecurityHeaders" name="test_required_headers_external" time="0.097" /><testcase classname="tests.test_phase_optimization.TestPhase2Cors" name="test_allowed_origin_echoed" time="0.002" /><testcase classname="tests.test_phase_optimization.TestPhase2Cors" name="test_disallowed_origin_not_echoed" time="0.001" /><testcase classname="tests.test_phase_optimization.TestPhase2RateLimit" name="test_login_rate_limit_returns_429" time="0.044" /><testcase classname="tests.test_phase_optimization.TestPhase2RateLimit" name="test_register_rate_limit_returns_429" time="1.147" /><testcase classname="tests.test_phase_optimization.TestPhase2CspReport" name="test_csp_report_returns_204" time="0.002" /><testcase classname="tests.test_phase_optimization.TestPhase2CspReport" name="test_csp_report_logged_at_warn" time="0.304" /><testcase classname="tests.test_phase_optimization.TestPhase2LogSanitizer" name="test_plaintext_password_not_in_logs" time="0.305" /><testcase classname="tests.test_phase_optimization.TestPhase3Robots" name="test_robots_disallow_portal" time="0.094" /><testcase classname="tests.test_phase_optimization.TestPhase3Sitemap" name="test_sitemap_xml_structure" time="0.136" /><testcase classname="tests.test_phase_optimization.TestPhase3JsonLd" name="test_organization_and_faq_present" time="0.000" /><testcase classname="tests.test_phase_optimization.TestPhase3JsonLd" name="test_canonical_in_static_index_html" time="0.000"><failure message="AssertionError: no &lt;link rel=canonical&gt; in static index.html&#10;assert None">tests/test_phase_optimization.py:347: in test_canonical_in_static_index_html
    assert m, "no &lt;link rel=canonical&gt; in static index.html"
E   AssertionError: no &lt;link rel=canonical&gt; in static index.html
E   assert None</failure></testcase><testcase classname="tests.test_phase_optimization.TestPhase4Components" name="test_data_table_source_exports" time="0.000" /><testcase classname="tests.test_phase_optimization.TestPhase4Components" name="test_skeleton_source_exports" time="0.000" /><testcase classname="tests.test_phase_optimization.TestCriticalLoginRegression" name="test_admin_login_returns_200" time="0.004"><failure message="AssertionError: login failed: 429 {&quot;detail&quot;:&quot;Too many requests. Please slow down and try again shortly.&quot;}&#10;assert 429 == 200&#10; +  where 429 = &lt;Response [429]&gt;.status_code">tests/test_phase_optimization.py:386: in test_admin_login_returns_200
    assert r.status_code == 200, f"login failed: {r.status_code} {r.text[:200]}"
E   AssertionError: login failed: 429 {"detail":"Too many requests. Please slow down and try again shortly."}
E   assert 429 == 200
E    +  where 429 = &lt;Response [429]&gt;.status_code</failure></testcase><testcase classname="tests.test_phase_optimization.TestRegression" name="test_blackhole_prefix_filter_fast" time="0.000"><skipped type="pytest.skip" message="admin login failed: 500 Internal Server Error">/app/backend/tests/test_phase_optimization.py:396: admin login failed: 500 Internal Server Error</skipped></testcase><testcase classname="tests.test_phase_optimization.TestRegression" name="test_lg_ping_with_src_address" time="0.000"><skipped type="pytest.skip" message="admin login failed: 500 Internal Server Error">/app/backend/tests/test_phase_optimization.py:407: admin login failed: 500 Internal Server Error</skipped></testcase><testcase classname="tests.test_phase_optimization.TestRegression" name="test_diagnostics_traceroute_returns_hops" time="0.000"><skipped type="pytest.skip" message="admin login failed: 500 Internal Server Error">/app/backend/tests/test_phase_optimization.py:425: admin login failed: 500 Internal Server Error</skipped></testcase></testsuite></testsuites>