<?xml version="1.0" encoding="utf-8"?><testsuites name="pytest tests"><testsuite name="pytest" errors="0" failures="4" skipped="0" tests="49" time="102.111" timestamp="2026-07-21T04:11:17.231489+00:00" hostname="agent-env-3a1c0280-9b80-40a5-9739-6b2ce837f7a1"><testcase classname="tests.test_register_and_crm.TestRegister" name="test_self_registration_happy_path" time="3.731" /><testcase classname="tests.test_portal.TestClient" name="test_client_dashboard" time="4.357"><failure message="assert 0 &gt;= 1">backend/tests/test_portal.py:129: in test_client_dashboard
    assert s["overdue_invoices"] &gt;= 1
E   assert 0 &gt;= 1</failure></testcase><testcase classname="tests.test_register_and_crm.TestRegister" name="test_duplicate_email_returns_409" time="0.856" /><testcase classname="tests.test_register_and_crm.TestRegister" name="test_tos_required" time="0.258" /><testcase classname="tests.test_portal.TestClient" name="test_client_invoices" time="0.313"><failure message="AssertionError: assert 'overdue' in {'paid', 'unpaid'}">backend/tests/test_portal.py:140: in test_client_invoices
    assert "overdue" in statuses
E   AssertionError: assert 'overdue' in {'paid', 'unpaid'}</failure></testcase><testcase classname="tests.test_register_and_crm.TestRegister" name="test_weak_password_rejected" time="0.216" /><testcase classname="tests.test_portal.TestClient" name="test_client_services" time="0.213" /><testcase classname="tests.test_register_and_crm.TestRegister" name="test_admin_create_user_mirrors_to_crm" time="2.175" /><testcase classname="tests.test_portal.TestClient" name="test_traffic_report" time="1.149" /><testcase classname="tests.test_portal.TestClient" name="test_orders_roundtrip" time="0.899" /><testcase classname="tests.test_portal.TestClient" name="test_ticket_flow" time="0.686" /><testcase classname="tests.test_register_and_crm.TestRegister" name="test_admin_create_admin_user_does_not_mirror_to_crm" time="2.616" /><testcase classname="tests.test_portal.TestClient" name="test_billing_emails_update" time="0.949" /><testcase classname="tests.test_portal.TestAuth" name="test_admin_login" time="0.001" /><testcase classname="tests.test_portal.TestAuth" name="test_client_login_billing_emails" time="0.001" /><testcase classname="tests.test_portal.TestAuth" name="test_sales_login" time="0.001" /><testcase classname="tests.test_portal.TestAuth" name="test_support_login" time="0.001" /><testcase classname="tests.test_portal.TestAuth" name="test_ticket_only_login" time="0.001" /><testcase classname="tests.test_portal.TestAuth" name="test_bad_credentials" time="0.956" /><testcase classname="tests.test_crm_enrichment.TestCrmEnrichment" name="test_crm_rows_have_enrichment_fields" time="1.073" /><testcase classname="tests.test_register_and_crm.TestRegister" name="test_register_endpoint_is_public" time="1.054" /><testcase classname="tests.test_crm_enrichment.TestCrmEnrichment" name="test_demo_client_has_orders_and_ltv" time="1.080" /><testcase classname="tests.test_crm_enrichment.TestCrmEnrichment" name="test_warm_flag_reflects_in_progress_count" time="1.528" /><testcase classname="tests.test_crm_enrichment.TestCrmEnrichment" name="test_unlinked_prospect_has_empty_enrichment" time="1.711" /><testcase classname="tests.test_portal.TestRBAC" name="test_support_dashboard_no_finance" time="5.124" /><testcase classname="tests.test_crm_enrichment.TestCrmEnrichment" name="test_latest_order_has_expected_shape" time="1.092" /><testcase classname="tests.test_portal.TestRBAC" name="test_admin_dashboard_has_finance" time="0.283" /><testcase classname="tests.test_portal.TestRBAC" name="test_finance_summary_denied_for_support" time="0.230" /><testcase classname="tests.test_portal.TestRBAC" name="test_finance_summary_ok_for_admin" time="0.502" /><testcase classname="tests.test_portal.TestRBAC" name="test_sales_users_only_assigned" time="0.198" /><testcase classname="tests.test_portal.TestRBAC" name="test_admin_users_full" time="0.473" /><testcase classname="tests.test_pdf_docs.TestInvoicePdf" name="test_client_can_view_own_invoice_html" time="2.027" /><testcase classname="tests.test_portal.TestIntegrations" name="test_modules_registry" time="0.223"><failure message="AssertionError: missing {'dcim'}, extra set()&#10;assert {'blacklist',... 'plesk', ...} == {'blacklist',...ikrotik', ...}&#10;  &#10;  Extra items in the right set:&#10;  'dcim'&#10;  &#10;  Full diff:&#10;    {&#10;        'blacklist',...&#10;  &#10;  ...Full output truncated (11 lines hidden), use '-vv' to show">backend/tests/test_portal.py:288: in test_modules_registry
    assert keys == expected, f"missing {expected - keys}, extra {keys - expected}"
E   AssertionError: missing {'dcim'}, extra set()
E   assert {'blacklist',... 'plesk', ...} == {'blacklist',...ikrotik', ...}
E     
E     Extra items in the right set:
E     'dcim'
E     
E     Full diff:
E       {
E           'blacklist',...
E     
E     ...Full output truncated (11 lines hidden), use '-vv' to show</failure></testcase><testcase classname="tests.test_portal.TestIntegrations" name="test_full_crud_and_test_connection" time="55.498" /><testcase classname="tests.test_pdf_docs.TestInvoicePdf" name="test_client_pdf_download" time="40.528" /><testcase classname="tests.test_pdf_docs.TestInvoicePdf" name="test_paid_invoice_has_transactions_table" time="0.394" /><testcase classname="tests.test_pdf_docs.TestInvoicePdf" name="test_unpaid_invoice_shows_bank_transfer_panel" time="39.296" /><testcase classname="tests.test_portal.TestIntegrations" name="test_test_config_missing_required" time="0.333" /><testcase classname="tests.test_pdf_docs.TestQuotationPdf" name="test_quotation_pdf_when_available" time="4.564" /><testcase classname="tests.test_pdf_docs.TestQuotationPdf" name="test_client_cannot_access_quotations" time="0.593" /><testcase classname="tests.test_pdf_docs.TestUserAddressFields" name="test_me_returns_address_fields" time="0.232" /><testcase classname="tests.test_portal.TestAdminInvoices" name="test_create_and_pay" time="0.716" /><testcase classname="tests.test_portal.TestAdminQuotations" name="test_lifecycle" time="0.922" /><testcase classname="tests.test_portal.TestAdminProducts" name="test_crud" time="0.683" /><testcase classname="tests.test_portal.TestAdminOrders" name="test_lifecycle_auto_creates_service" time="1.627"><failure message="AssertionError: 'active' must auto-create a service&#10;assert 7 == (7 + 1)">backend/tests/test_portal.py:277: in test_lifecycle_auto_creates_service
    assert after == before + 1, "'active' must auto-create a service"
E   AssertionError: 'active' must auto-create a service
E   assert 7 == (7 + 1)</failure></testcase><testcase classname="tests.test_portal.TestPaymentInfo" name="test_client_payment_info" time="0.220" /><testcase classname="tests.test_pdf_docs.TestInvoicePdf" name="test_client_cannot_read_others_invoice" time="0.222" /><testcase classname="tests.test_portal.TestMail" name="test_inbox_seed" time="0.179" /><testcase classname="tests.test_portal.TestMail" name="test_read_and_send" time="0.776" /></testsuite></testsuites>