<?xml version="1.0" encoding="utf-8"?><testsuites name="pytest tests"><testsuite name="pytest" errors="0" failures="2" skipped="0" tests="36" time="7.222" timestamp="2026-07-22T14:03:17.831976+00:00" hostname="agent-env-0e056b03-4b01-42e7-ae28-6fab63f8dbec"><testcase classname="tests.backend_test.TestHealth" name="test_health_ok" time="0.256" /><testcase classname="tests.backend_test.TestAuth" name="test_admin_login_returns_token_and_cookies" time="0.395" /><testcase classname="tests.backend_test.TestAuth" name="test_register_new_staff" time="0.341" /><testcase classname="tests.backend_test.TestAuth" name="test_wrong_password_returns_401" time="0.356" /><testcase classname="tests.backend_test.TestAuth" name="test_brute_force_lockout_after_5" time="2.149"><failure message="AssertionError: expected 429 got 401 {&quot;detail&quot;:&quot;Invalid email or password&quot;}&#10;assert 401 == 429&#10; +  where 401 = &lt;Response [401]&gt;.status_code">backend/tests/backend_test.py:118: in test_brute_force_lockout_after_5
    assert r6.status_code == 429, f"expected 429 got {r6.status_code} {r6.text}"
E   AssertionError: expected 429 got 401 {"detail":"Invalid email or password"}
E   assert 401 == 429
E    +  where 401 = &lt;Response [401]&gt;.status_code</failure></testcase><testcase classname="tests.backend_test.TestAuth" name="test_logout_clears_cookies" time="0.435" /><testcase classname="tests.backend_test.TestAuth" name="test_forgot_and_reset_password" time="0.569"><failure message="assert 500 == 200&#10; +  where 500 = &lt;Response [500]&gt;.status_code">backend/tests/backend_test.py:146: in test_forgot_and_reset_password
    assert r2.status_code == 200
E   assert 500 == 200
E    +  where 500 = &lt;Response [500]&gt;.status_code</failure></testcase><testcase classname="tests.backend_test.TestCategories" name="test_list_categories" time="0.373" /><testcase classname="tests.backend_test.TestCategories" name="test_admin_create_category" time="0.049" /><testcase classname="tests.backend_test.TestCategories" name="test_duplicate_category_returns_400" time="0.125" /><testcase classname="tests.backend_test.TestCategories" name="test_non_admin_cannot_create" time="0.418" /><testcase classname="tests.backend_test.TestCategories" name="test_update_category" time="0.053" /><testcase classname="tests.backend_test.TestCategories" name="test_delete_category" time="0.049" /><testcase classname="tests.backend_test.TestLocations" name="test_list_locations" time="0.050" /><testcase classname="tests.backend_test.TestLocations" name="test_admin_create_location" time="0.060" /><testcase classname="tests.backend_test.TestLocations" name="test_non_admin_cannot_create_location" time="0.057" /><testcase classname="tests.backend_test.TestLocations" name="test_update_location" time="0.053" /><testcase classname="tests.backend_test.TestLocations" name="test_delete_location" time="0.049" /><testcase classname="tests.backend_test.TestAssetsAndDepreciation" name="test_create_asset_depreciation_10m_1m_5y" time="0.161" /><testcase classname="tests.backend_test.TestAssetsAndDepreciation" name="test_get_asset_includes_schedule" time="0.054" /><testcase classname="tests.backend_test.TestAssetsAndDepreciation" name="test_depreciation_zero_salvage" time="0.049" /><testcase classname="tests.backend_test.TestAssetsAndDepreciation" name="test_depreciation_life_one_year" time="0.052" /><testcase classname="tests.backend_test.TestAssetsAndDepreciation" name="test_depreciation_partial_year_recent_acquisition" time="0.053" /><testcase classname="tests.backend_test.TestAssetsAndDepreciation" name="test_duplicate_asset_code_returns_400" time="0.102" /><testcase classname="tests.backend_test.TestAssetsAndDepreciation" name="test_list_assets_with_filters" time="0.049" /><testcase classname="tests.backend_test.TestAssetsAndDepreciation" name="test_update_asset" time="0.051" /><testcase classname="tests.backend_test.TestAssetsAndDepreciation" name="test_category_in_use_cannot_delete" time="0.049" /><testcase classname="tests.backend_test.TestAssetsAndDepreciation" name="test_location_in_use_cannot_delete" time="0.051" /><testcase classname="tests.backend_test.TestAssetsAndDepreciation" name="test_non_admin_cannot_delete_asset" time="0.156" /><testcase classname="tests.backend_test.TestDashboard" name="test_dashboard_summary" time="0.052" /><testcase classname="tests.backend_test.TestReports" name="test_depreciation_report" time="0.057" /><testcase classname="tests.backend_test.TestReports" name="test_timeline_report" time="0.049" /><testcase classname="tests.backend_test.TestUsers" name="test_admin_list_users" time="0.049" /><testcase classname="tests.backend_test.TestUsers" name="test_non_admin_cannot_list_users" time="0.055" /><testcase classname="tests.backend_test.TestUsers" name="test_admin_can_update_user" time="0.052" /><testcase classname="tests.backend_test.TestUsers" name="test_admin_cannot_delete_self" time="0.099" /></testsuite></testsuites>