<?xml version="1.0" encoding="utf-8"?><testsuites name="pytest tests"><testsuite name="pytest" errors="0" failures="0" skipped="0" tests="13" time="1.978" timestamp="2026-07-22T15:40:50.691117+00:00" hostname="agent-env-0e056b03-4b01-42e7-ae28-6fab63f8dbec"><testcase classname="tests.test_recaptcha_auth.TestRecaptchaAuth" name="test_01_auth_config_disabled_by_default" time="0.282" /><testcase classname="tests.test_recaptcha_auth.TestRecaptchaAuth" name="test_02_schema_has_recaptcha" time="0.004" /><testcase classname="tests.test_recaptcha_auth.TestRecaptchaAuth" name="test_03_put_persists_and_masks_secrets" time="0.012" /><testcase classname="tests.test_recaptcha_auth.TestRecaptchaAuth" name="test_04_login_without_token_works_when_disabled" time="0.244" /><testcase classname="tests.test_recaptcha_auth.TestRecaptchaAuth" name="test_05_register_without_token_works_when_disabled" time="0.239" /><testcase classname="tests.test_recaptcha_auth.TestRecaptchaAuth" name="test_06_forgot_password_without_token_works_when_disabled" time="0.007" /><testcase classname="tests.test_recaptcha_auth.TestRecaptchaAuth" name="test_07_auth_config_exposes_site_key_when_enabled" time="0.006" /><testcase classname="tests.test_recaptcha_auth.TestRecaptchaAuth" name="test_08_login_missing_token_blocked" time="0.007" /><testcase classname="tests.test_recaptcha_auth.TestRecaptchaAuth" name="test_09_login_garbage_token_blocked" time="0.108" /><testcase classname="tests.test_recaptcha_auth.TestRecaptchaAuth" name="test_10_register_missing_token_blocked" time="0.006" /><testcase classname="tests.test_recaptcha_auth.TestRecaptchaAuth" name="test_11_forgot_password_missing_token_blocked" time="0.006" /><testcase classname="tests.test_recaptcha_auth.TestRecaptchaAuth" name="test_12_disable_reflected_immediately" time="0.237" /><testcase classname="tests.test_recaptcha_auth.TestRecaptchaAuth" name="test_13_login_payload_without_recaptcha_field" time="0.239" /></testsuite></testsuites>