<?xml version="1.0" encoding="utf-8"?><testsuites name="pytest tests"><testsuite name="pytest" errors="28" failures="2" skipped="0" tests="97" time="5.378" timestamp="2026-07-23T02:01:28.494722+00:00" hostname="agent-env-0e056b03-4b01-42e7-ae28-6fab63f8dbec"><testcase classname="tests.test_mikrotik_devices.TestDevicesCrud" name="test_01_initial_list_no_legacy" time="0.484" /><testcase classname="tests.test_mikrotik_devices.TestDevicesCrud" name="test_02_create_device" time="0.003" /><testcase classname="tests.test_mikrotik_devices.TestDevicesCrud" name="test_03_get_device_via_list" time="0.003" /><testcase classname="tests.test_mikrotik_devices.TestDevicesCrud" name="test_04_create_missing_host_400" time="0.002" /><testcase classname="tests.test_mikrotik_devices.TestDevicesCrud" name="test_05_update_device_fields" time="0.003" /><testcase classname="tests.test_mikrotik_devices.TestDevicesCrud" name="test_06_update_empty_password_does_not_overwrite" time="0.189" /><testcase classname="tests.test_security_whitelist_and_telegram.TestSecurityV2" name="test_01_defaults_include_new_fields" time="0.661" /><testcase classname="tests.test_security_whitelist_and_telegram.TestSecurityV2" name="test_02_put_persists_new_fields" time="0.019" /><testcase classname="tests.test_security_whitelist_and_telegram.TestSecurityV2" name="test_03_put_empty_arrays_clear_lists" time="0.004" /><testcase classname="tests.test_security_whitelist_and_telegram.TestSecurityV2" name="test_04_schema_has_telegram" time="0.003" /><testcase classname="tests.test_mikrotik_devices.TestDevicesCrud" name="test_07_update_nonempty_password_persists" time="0.006" /><testcase classname="tests.test_security_whitelist_and_telegram.TestSecurityV2" name="test_05_whitelist_prevents_auto_block" time="0.092" /><testcase classname="tests.test_mikrotik_devices.TestDevicesCrud" name="test_08_update_missing_device_404" time="0.003" /><testcase classname="tests.test_mikrotik_devices.TestDevicesCrud" name="test_09_test_endpoint_returns_ok_false" time="0.010" /><testcase classname="tests.test_security_whitelist_and_telegram.TestSecurityV2" name="test_06_whitelist_skips_is_ip_blocked" time="0.482" /><testcase classname="tests.test_security_whitelist_and_telegram.TestSecurityV2" name="test_07_auto_block_toggle_off" time="0.048" /><testcase classname="tests.test_security_whitelist_and_telegram.TestSecurityV2" name="test_08_notifications_test_both_disabled" time="0.056" /><testcase classname="tests.test_security_whitelist_and_telegram.TestIpInWhitelistUnit" name="test_u1_cidr_match" time="0.653" /><testcase classname="tests.test_security_whitelist_and_telegram.TestIpInWhitelistUnit" name="test_u2_cidr_no_match" time="0.000" /><testcase classname="tests.test_security_whitelist_and_telegram.TestIpInWhitelistUnit" name="test_u3_exact_ip_match" time="0.000" /><testcase classname="tests.test_security_whitelist_and_telegram.TestIpInWhitelistUnit" name="test_u4_empty_whitelist" time="0.000" /><testcase classname="tests.test_security_whitelist_and_telegram.TestIpInWhitelistUnit" name="test_u5_empty_ip" time="0.000" /><testcase classname="tests.test_security_whitelist_and_telegram.TestIpInWhitelistUnit" name="test_u6_multiple_entries" time="0.000" /><testcase classname="tests.test_security_whitelist_and_telegram.TestIpInWhitelistUnit" name="test_u7_hostname_exact_fallback" time="0.000" /><testcase classname="tests.test_security_whitelist_and_telegram.TestIpInWhitelistUnit" name="test_u8_ipv6_in_v6_cidr" time="0.000" /><testcase classname="tests.test_security_whitelist_and_telegram.TestSecurityV2" name="test_09_notifications_test_telegram_fake_keys" time="0.404" /><testcase classname="tests.test_portal.TestClient" name="test_client_dashboard" time="0.319"><error message="failed on setup with &quot;AssertionError: Login failed for admin@intercloud-digital.com: 404 404 page not found&#10;  &#10;assert 404 == 200&#10; +  where 404 = &lt;Response [404]&gt;.status_code&quot;">E   AssertionError: Login failed for admin@intercloud-digital.com: 404 404 page not found
      
    assert 404 == 200
     +  where 404 = &lt;Response [404]&gt;.status_code</error></testcase><testcase classname="tests.test_portal.TestClient" name="test_client_invoices" time="0.000"><error message="failed on setup with &quot;AssertionError: Login failed for admin@intercloud-digital.com: 404 404 page not found&#10;  &#10;assert 404 == 200&#10; +  where 404 = &lt;Response [404]&gt;.status_code&quot;">E   AssertionError: Login failed for admin@intercloud-digital.com: 404 404 page not found
      
    assert 404 == 200
     +  where 404 = &lt;Response [404]&gt;.status_code</error></testcase><testcase classname="tests.test_portal.TestClient" name="test_client_services" time="0.000"><error message="failed on setup with &quot;AssertionError: Login failed for admin@intercloud-digital.com: 404 404 page not found&#10;  &#10;assert 404 == 200&#10; +  where 404 = &lt;Response [404]&gt;.status_code&quot;">E   AssertionError: Login failed for admin@intercloud-digital.com: 404 404 page not found
      
    assert 404 == 200
     +  where 404 = &lt;Response [404]&gt;.status_code</error></testcase><testcase classname="tests.test_portal.TestClient" name="test_traffic_report" time="0.000"><error message="failed on setup with &quot;AssertionError: Login failed for admin@intercloud-digital.com: 404 404 page not found&#10;  &#10;assert 404 == 200&#10; +  where 404 = &lt;Response [404]&gt;.status_code&quot;">E   AssertionError: Login failed for admin@intercloud-digital.com: 404 404 page not found
      
    assert 404 == 200
     +  where 404 = &lt;Response [404]&gt;.status_code</error></testcase><testcase classname="tests.test_portal.TestClient" name="test_orders_roundtrip" time="0.000"><error message="failed on setup with &quot;AssertionError: Login failed for admin@intercloud-digital.com: 404 404 page not found&#10;  &#10;assert 404 == 200&#10; +  where 404 = &lt;Response [404]&gt;.status_code&quot;">E   AssertionError: Login failed for admin@intercloud-digital.com: 404 404 page not found
      
    assert 404 == 200
     +  where 404 = &lt;Response [404]&gt;.status_code</error></testcase><testcase classname="tests.test_portal.TestClient" name="test_ticket_flow" time="0.000"><error message="failed on setup with &quot;AssertionError: Login failed for admin@intercloud-digital.com: 404 404 page not found&#10;  &#10;assert 404 == 200&#10; +  where 404 = &lt;Response [404]&gt;.status_code&quot;">E   AssertionError: Login failed for admin@intercloud-digital.com: 404 404 page not found
      
    assert 404 == 200
     +  where 404 = &lt;Response [404]&gt;.status_code</error></testcase><testcase classname="tests.test_portal.TestClient" name="test_billing_emails_update" time="0.000"><error message="failed on setup with &quot;AssertionError: Login failed for admin@intercloud-digital.com: 404 404 page not found&#10;  &#10;assert 404 == 200&#10; +  where 404 = &lt;Response [404]&gt;.status_code&quot;">E   AssertionError: Login failed for admin@intercloud-digital.com: 404 404 page not found
      
    assert 404 == 200
     +  where 404 = &lt;Response [404]&gt;.status_code</error></testcase><testcase classname="tests.test_portal.TestAuth" name="test_admin_login" time="0.000"><error message="failed on setup with &quot;AssertionError: Login failed for admin@intercloud-digital.com: 404 404 page not found&#10;  &#10;assert 404 == 200&#10; +  where 404 = &lt;Response [404]&gt;.status_code&quot;">E   AssertionError: Login failed for admin@intercloud-digital.com: 404 404 page not found
      
    assert 404 == 200
     +  where 404 = &lt;Response [404]&gt;.status_code</error></testcase><testcase classname="tests.test_portal.TestAuth" name="test_client_login_billing_emails" time="0.000"><error message="failed on setup with &quot;AssertionError: Login failed for admin@intercloud-digital.com: 404 404 page not found&#10;  &#10;assert 404 == 200&#10; +  where 404 = &lt;Response [404]&gt;.status_code&quot;">E   AssertionError: Login failed for admin@intercloud-digital.com: 404 404 page not found
      
    assert 404 == 200
     +  where 404 = &lt;Response [404]&gt;.status_code</error></testcase><testcase classname="tests.test_portal.TestAuth" name="test_sales_login" time="0.000"><error message="failed on setup with &quot;AssertionError: Login failed for admin@intercloud-digital.com: 404 404 page not found&#10;  &#10;assert 404 == 200&#10; +  where 404 = &lt;Response [404]&gt;.status_code&quot;">E   AssertionError: Login failed for admin@intercloud-digital.com: 404 404 page not found
      
    assert 404 == 200
     +  where 404 = &lt;Response [404]&gt;.status_code</error></testcase><testcase classname="tests.test_portal.TestAuth" name="test_support_login" time="0.000"><error message="failed on setup with &quot;AssertionError: Login failed for admin@intercloud-digital.com: 404 404 page not found&#10;  &#10;assert 404 == 200&#10; +  where 404 = &lt;Response [404]&gt;.status_code&quot;">E   AssertionError: Login failed for admin@intercloud-digital.com: 404 404 page not found
      
    assert 404 == 200
     +  where 404 = &lt;Response [404]&gt;.status_code</error></testcase><testcase classname="tests.test_portal.TestAuth" name="test_ticket_only_login" time="0.000"><error message="failed on setup with &quot;AssertionError: Login failed for admin@intercloud-digital.com: 404 404 page not found&#10;  &#10;assert 404 == 200&#10; +  where 404 = &lt;Response [404]&gt;.status_code&quot;">E   AssertionError: Login failed for admin@intercloud-digital.com: 404 404 page not found
      
    assert 404 == 200
     +  where 404 = &lt;Response [404]&gt;.status_code</error></testcase><testcase classname="tests.test_portal.TestAuth" name="test_bad_credentials" time="0.132"><failure message="assert 404 == 401&#10; +  where 404 = &lt;Response [404]&gt;.status_code">E   assert 404 == 401
     +  where 404 = &lt;Response [404]&gt;.status_code</failure></testcase><testcase classname="tests.test_security_whitelist_and_telegram.TestSecurityV2" name="test_10_telegram_put_and_masking" time="0.009" /><testcase classname="tests.test_security_whitelist_and_telegram.TestSecurityV2" name="test_11_delete_blocked_ips_returns_ok_ip" time="0.015" /><testcase classname="tests.test_portal.TestRBAC" name="test_support_dashboard_no_finance" time="0.000"><error message="failed on setup with &quot;AssertionError: Login failed for admin@intercloud-digital.com: 404 404 page not found&#10;  &#10;assert 404 == 200&#10; +  where 404 = &lt;Response [404]&gt;.status_code&quot;">E   AssertionError: Login failed for admin@intercloud-digital.com: 404 404 page not found
      
    assert 404 == 200
     +  where 404 = &lt;Response [404]&gt;.status_code</error></testcase><testcase classname="tests.test_portal.TestRBAC" name="test_admin_dashboard_has_finance" time="0.000"><error message="failed on setup with &quot;AssertionError: Login failed for admin@intercloud-digital.com: 404 404 page not found&#10;  &#10;assert 404 == 200&#10; +  where 404 = &lt;Response [404]&gt;.status_code&quot;">E   AssertionError: Login failed for admin@intercloud-digital.com: 404 404 page not found
      
    assert 404 == 200
     +  where 404 = &lt;Response [404]&gt;.status_code</error></testcase><testcase classname="tests.test_portal.TestRBAC" name="test_finance_summary_denied_for_support" time="0.000"><error message="failed on setup with &quot;AssertionError: Login failed for admin@intercloud-digital.com: 404 404 page not found&#10;  &#10;assert 404 == 200&#10; +  where 404 = &lt;Response [404]&gt;.status_code&quot;">E   AssertionError: Login failed for admin@intercloud-digital.com: 404 404 page not found
      
    assert 404 == 200
     +  where 404 = &lt;Response [404]&gt;.status_code</error></testcase><testcase classname="tests.test_portal.TestRBAC" name="test_finance_summary_ok_for_admin" time="0.000"><error message="failed on setup with &quot;AssertionError: Login failed for admin@intercloud-digital.com: 404 404 page not found&#10;  &#10;assert 404 == 200&#10; +  where 404 = &lt;Response [404]&gt;.status_code&quot;">E   AssertionError: Login failed for admin@intercloud-digital.com: 404 404 page not found
      
    assert 404 == 200
     +  where 404 = &lt;Response [404]&gt;.status_code</error></testcase><testcase classname="tests.test_portal.TestRBAC" name="test_sales_users_only_assigned" time="0.000"><error message="failed on setup with &quot;AssertionError: Login failed for admin@intercloud-digital.com: 404 404 page not found&#10;  &#10;assert 404 == 200&#10; +  where 404 = &lt;Response [404]&gt;.status_code&quot;">E   AssertionError: Login failed for admin@intercloud-digital.com: 404 404 page not found
      
    assert 404 == 200
     +  where 404 = &lt;Response [404]&gt;.status_code</error></testcase><testcase classname="tests.test_portal.TestRBAC" name="test_admin_users_full" time="0.000"><error message="failed on setup with &quot;AssertionError: Login failed for admin@intercloud-digital.com: 404 404 page not found&#10;  &#10;assert 404 == 200&#10; +  where 404 = &lt;Response [404]&gt;.status_code&quot;">E   AssertionError: Login failed for admin@intercloud-digital.com: 404 404 page not found
      
    assert 404 == 200
     +  where 404 = &lt;Response [404]&gt;.status_code</error></testcase><testcase classname="tests.test_assets_straight_line.TestDepreciationFormula" name="test_validation_case" time="0.458" /><testcase classname="tests.test_mikrotik_devices.TestLookingGlass" name="test_14_ping_unreachable_ok_false" time="0.488" /><testcase classname="tests.test_mikrotik_devices.TestLookingGlass" name="test_15_traceroute_unreachable_ok_false" time="0.003" /><testcase classname="tests.test_mikrotik_devices.TestLookingGlass" name="test_16_bgp_route_unreachable_ok_false" time="0.003" /><testcase classname="tests.test_mikrotik_devices.TestLookingGlass" name="test_17_looking_glass_invalid_tool_400" time="0.003" /><testcase classname="tests.test_assets_straight_line.TestDepreciationFormula" name="test_zero_salvage" time="0.004" /><testcase classname="tests.test_mikrotik_devices.TestLookingGlass" name="test_18_looking_glass_missing_target_400" time="0.008" /><testcase classname="tests.test_assets_straight_line.TestDepreciationFormula" name="test_life_one_year" time="0.003" /><testcase classname="tests.test_assets_straight_line.TestDepreciationFormula" name="test_mid_year_acquisition_partial" time="0.263" /><testcase classname="tests.test_assets_straight_line.TestAssetCrud" name="test_get_single_returns_schedule" time="0.259" /><testcase classname="tests.test_assets_straight_line.TestAssetCrud" name="test_update_reflects_new_depreciation" time="0.242" /><testcase classname="tests.test_assets_straight_line.TestAssetCrud" name="test_delete_asset" time="0.008" /><testcase classname="tests.test_mikrotik_devices.TestLiveViews" name="test_10_interfaces_returns_empty_list" time="0.249" /><testcase classname="tests.test_mikrotik_devices.TestLiveViews" name="test_11_bgp_returns_empty_list" time="0.002" /><testcase classname="tests.test_assets_straight_line.TestAssetCrud" name="test_list_includes_new_fields" time="0.012" /><testcase classname="tests.test_mikrotik_devices.TestLiveViews" name="test_12_system_returns_error_dict" time="0.003" /><testcase classname="tests.test_mikrotik_devices.TestLiveViews" name="test_13_traffic_returns_error_dict" time="0.003" /><testcase classname="tests.test_mikrotik_devices.TestRbac" name="test_30_get_endpoints_no_token_401" time="0.264" /><testcase classname="tests.test_mikrotik_devices.TestRbac" name="test_31_get_endpoints_client_403" time="0.253" /><testcase classname="tests.test_mikrotik_devices.TestBlackhole" name="test_19_blackhole_list_unreachable_empty" time="0.506" /><testcase classname="tests.test_mikrotik_devices.TestBlackhole" name="test_20_blackhole_add_unreachable_ok_false" time="0.004" /><testcase classname="tests.test_mikrotik_devices.TestBlackhole" name="test_21_blackhole_add_missing_prefix_400" time="0.002" /><testcase classname="tests.test_mikrotik_devices.TestBlackhole" name="test_22_blackhole_remove_unreachable_ok_false" time="0.026" /><testcase classname="tests.test_mikrotik_devices.TestRbac" name="test_32_post_endpoints_no_token_401" time="0.019" /><testcase classname="tests.test_mikrotik_devices.TestRbac" name="test_33_post_endpoints_client_403" time="0.027" /><testcase classname="tests.test_portal.TestIntegrations" name="test_modules_registry" time="0.152"><error message="failed on setup with &quot;AssertionError: Login failed for admin@intercloud-digital.com: 404 404 page not found&#10;  &#10;assert 404 == 200&#10; +  where 404 = &lt;Response [404]&gt;.status_code&quot;">E   AssertionError: Login failed for admin@intercloud-digital.com: 404 404 page not found
      
    assert 404 == 200
     +  where 404 = &lt;Response [404]&gt;.status_code</error></testcase><testcase classname="tests.test_portal.TestIntegrations" name="test_full_crud_and_test_connection" time="0.000"><error message="failed on setup with &quot;AssertionError: Login failed for admin@intercloud-digital.com: 404 404 page not found&#10;  &#10;assert 404 == 200&#10; +  where 404 = &lt;Response [404]&gt;.status_code&quot;">E   AssertionError: Login failed for admin@intercloud-digital.com: 404 404 page not found
      
    assert 404 == 200
     +  where 404 = &lt;Response [404]&gt;.status_code</error></testcase><testcase classname="tests.test_portal.TestIntegrations" name="test_test_config_missing_required" time="0.000"><error message="failed on setup with &quot;AssertionError: Login failed for admin@intercloud-digital.com: 404 404 page not found&#10;  &#10;assert 404 == 200&#10; +  where 404 = &lt;Response [404]&gt;.status_code&quot;">E   AssertionError: Login failed for admin@intercloud-digital.com: 404 404 page not found
      
    assert 404 == 200
     +  where 404 = &lt;Response [404]&gt;.status_code</error></testcase><testcase classname="tests.test_assets_straight_line.TestFinanceEndpoints" name="test_finance_detailed_assets_rows" time="0.501" /><testcase classname="tests.test_mikrotik_devices.TestReboot" name="test_25_reboot_without_confirm_400" time="0.364" /><testcase classname="tests.test_mikrotik_devices.TestReboot" name="test_26_reboot_wrong_confirm_400" time="0.003" /><testcase classname="tests.test_assets_straight_line.TestFinanceEndpoints" name="test_finance_report_depreciation_matches_accumulated" time="0.005" /><testcase classname="tests.test_mikrotik_devices.TestReboot" name="test_27_reboot_confirmed_unreachable_ok_false" time="0.009" /><testcase classname="tests.test_assets_straight_line.TestFinanceEndpoints" name="test_finance_report_shape" time="0.004" /><testcase classname="tests.test_assets_straight_line.TestLegacyInputMigration" name="test_depreciation_percent_maps_to_useful_life_years" time="0.003" /><testcase classname="tests.test_portal.TestMail" name="test_inbox_seed" time="0.000"><error message="failed on setup with &quot;AssertionError: Login failed for admin@intercloud-digital.com: 404 404 page not found&#10;  &#10;assert 404 == 200&#10; +  where 404 = &lt;Response [404]&gt;.status_code&quot;">E   AssertionError: Login failed for admin@intercloud-digital.com: 404 404 page not found
      
    assert 404 == 200
     +  where 404 = &lt;Response [404]&gt;.status_code</error></testcase><testcase classname="tests.test_portal.TestMail" name="test_read_and_send" time="0.000"><error message="failed on setup with &quot;AssertionError: Login failed for admin@intercloud-digital.com: 404 404 page not found&#10;  &#10;assert 404 == 200&#10; +  where 404 = &lt;Response [404]&gt;.status_code&quot;">E   AssertionError: Login failed for admin@intercloud-digital.com: 404 404 page not found
      
    assert 404 == 200
     +  where 404 = &lt;Response [404]&gt;.status_code</error></testcase><testcase classname="tests.test_assets_straight_line.TestLegacyInputMigration" name="test_useful_life_months_maps_to_years" time="0.275" /><testcase classname="tests.test_mikrotik_devices.TestLegacyFallback" name="test_28_no_device_id_no_integration_400" time="0.279" /><testcase classname="tests.test_mikrotik_devices.TestLegacyFallback" name="test_29_no_device_id_with_legacy_falls_back" time="0.242"><failure message="AssertionError: {&quot;detail&quot;:&quot;Mikrotik not configured. Add a device in Admin ▸ MikroTik Ops ▸ Devices, or enable the legacy MikroTik integration.&quot;}&#10;assert 400 == 200&#10; +  where 400 = &lt;Response [400]&gt;.status_code">E   AssertionError: {"detail":"Mikrotik not configured. Add a device in Admin ▸ MikroTik Ops ▸ Devices, or enable the legacy MikroTik integration."}
    assert 400 == 200
     +  where 400 = &lt;Response [400]&gt;.status_code</failure></testcase><testcase classname="tests.test_mikrotik_devices.TestBackups" name="test_23_backups_list_unreachable_empty" time="0.248" /><testcase classname="tests.test_mikrotik_devices.TestDeleteDevice" name="test_34_delete_device" time="0.009" /><testcase classname="tests.test_mikrotik_devices.TestBackups" name="test_24_backups_create_unreachable_ok_false" time="0.009" /><testcase classname="tests.test_mikrotik_devices.TestDeleteDevice" name="test_35_delete_missing_device_zero" time="0.027" /><testcase classname="tests.test_portal.TestAdminInvoices" name="test_create_and_pay" time="0.000"><error message="failed on setup with &quot;AssertionError: Login failed for admin@intercloud-digital.com: 404 404 page not found&#10;  &#10;assert 404 == 200&#10; +  where 404 = &lt;Response [404]&gt;.status_code&quot;">E   AssertionError: Login failed for admin@intercloud-digital.com: 404 404 page not found
      
    assert 404 == 200
     +  where 404 = &lt;Response [404]&gt;.status_code</error></testcase><testcase classname="tests.test_portal.TestAdminProducts" name="test_crud" time="0.020"><error message="failed on setup with &quot;AssertionError: Login failed for admin@intercloud-digital.com: 404 404 page not found&#10;  &#10;assert 404 == 200&#10; +  where 404 = &lt;Response [404]&gt;.status_code&quot;">E   AssertionError: Login failed for admin@intercloud-digital.com: 404 404 page not found
      
    assert 404 == 200
     +  where 404 = &lt;Response [404]&gt;.status_code</error></testcase><testcase classname="tests.test_portal.TestPaymentInfo" name="test_client_payment_info" time="0.000"><error message="failed on setup with &quot;AssertionError: Login failed for admin@intercloud-digital.com: 404 404 page not found&#10;  &#10;assert 404 == 200&#10; +  where 404 = &lt;Response [404]&gt;.status_code&quot;">E   AssertionError: Login failed for admin@intercloud-digital.com: 404 404 page not found
      
    assert 404 == 200
     +  where 404 = &lt;Response [404]&gt;.status_code</error></testcase><testcase classname="tests.test_portal.TestAdminQuotations" name="test_lifecycle" time="0.000"><error message="failed on setup with &quot;AssertionError: Login failed for admin@intercloud-digital.com: 404 404 page not found&#10;  &#10;assert 404 == 200&#10; +  where 404 = &lt;Response [404]&gt;.status_code&quot;">E   AssertionError: Login failed for admin@intercloud-digital.com: 404 404 page not found
      
    assert 404 == 200
     +  where 404 = &lt;Response [404]&gt;.status_code</error></testcase><testcase classname="tests.test_portal.TestAdminOrders" name="test_lifecycle_auto_creates_service" time="0.000"><error message="failed on setup with &quot;AssertionError: Login failed for admin@intercloud-digital.com: 404 404 page not found&#10;  &#10;assert 404 == 200&#10; +  where 404 = &lt;Response [404]&gt;.status_code&quot;">E   AssertionError: Login failed for admin@intercloud-digital.com: 404 404 page not found
      
    assert 404 == 200
     +  where 404 = &lt;Response [404]&gt;.status_code</error></testcase><testcase classname="tests.test_assets_straight_line.TestAuthHealth" name="test_auth_me_returns_admin" time="0.263" /></testsuite></testsuites>