<?xml version="1.0" encoding="utf-8"?><testsuites name="pytest tests"><testsuite name="pytest" errors="0" failures="0" skipped="0" tests="38" time="16.720" timestamp="2026-07-21T05:39:28.693904+00:00" hostname="agent-env-3a1c0280-9b80-40a5-9739-6b2ce837f7a1"><testcase classname="tests.test_register_and_crm.TestRegister" name="test_self_registration_happy_path" time="1.508" /><testcase classname="tests.test_catalog_and_access.TestProductOptions" name="test_product_persists_option_groups" time="1.488" /><testcase classname="tests.test_catalog_and_access.TestProductOptions" name="test_addon_flag_persisted_and_appears_in_public_endpoint" time="0.023" /><testcase classname="tests.test_register_and_crm.TestRegister" name="test_duplicate_email_returns_409" time="0.425" /><testcase classname="tests.test_catalog_and_access.TestProductOptions" name="test_order_preview_prices_correctly" time="0.416" /><testcase classname="tests.test_catalog_and_access.TestProductOptions" name="test_order_preview_with_no_selections_uses_only_base" time="0.044" /><testcase classname="tests.test_register_and_crm.TestRegister" name="test_tos_required" time="0.038" /><testcase classname="tests.test_register_and_crm.TestRegister" name="test_weak_password_rejected" time="0.006" /><testcase classname="tests.test_catalog_and_access.TestProductOptions" name="test_order_creation_snapshots_cart" time="0.408" /><testcase classname="tests.test_register_and_crm.TestRegister" name="test_admin_create_user_mirrors_to_crm" time="1.213" /><testcase classname="tests.test_catalog_and_access.TestProductOptions" name="test_addon_cannot_be_ordered_directly" time="0.793" /><testcase classname="tests.test_register_and_crm.TestRegister" name="test_admin_create_admin_user_does_not_mirror_to_crm" time="1.976" /><testcase classname="tests.test_pdf_docs.TestInvoicePdf" name="test_client_can_view_own_invoice_html" time="3.197" /><testcase classname="tests.test_register_and_crm.TestRegister" name="test_register_endpoint_is_public" time="0.382" /><testcase classname="tests.test_crm_enrichment.TestCrmEnrichment" name="test_crm_rows_have_enrichment_fields" time="0.417" /><testcase classname="tests.test_crm_enrichment.TestCrmEnrichment" name="test_demo_client_has_orders_and_ltv" time="0.412" /><testcase classname="tests.test_pdf_docs.TestInvoicePdf" name="test_client_pdf_download" time="2.418" /><testcase classname="tests.test_crm_enrichment.TestCrmEnrichment" name="test_warm_flag_reflects_in_progress_count" time="0.414" /><testcase classname="tests.test_crm_enrichment.TestCrmEnrichment" name="test_unlinked_prospect_has_empty_enrichment" time="0.404" /><testcase classname="tests.test_crm_enrichment.TestCrmEnrichment" name="test_latest_order_has_expected_shape" time="0.404" /><testcase classname="tests.test_pdf_docs.TestInvoicePdf" name="test_paid_invoice_has_transactions_table" time="0.819" /><testcase classname="tests.test_catalog_and_access.TestCategories" name="test_default_categories_seeded" time="1.960" /><testcase classname="tests.test_catalog_and_access.TestCategories" name="test_public_categories_endpoint" time="0.027" /><testcase classname="tests.test_catalog_and_access.TestCategories" name="test_create_and_delete_category" time="0.079" /><testcase classname="tests.test_pdf_docs.TestInvoicePdf" name="test_unpaid_invoice_shows_bank_transfer_panel" time="0.188" /><testcase classname="tests.test_catalog_and_access.TestUserAccessCatalog" name="test_catalog_returns_menu_and_flags" time="0.009" /><testcase classname="tests.test_catalog_and_access.TestUserAccessCatalog" name="test_client_cannot_read_catalog" time="0.008" /><testcase classname="tests.test_catalog_and_access.TestUserAccessCatalog" name="test_update_user_menu_keys_and_flags" time="0.095" /><testcase classname="tests.test_pdf_docs.TestInvoicePdf" name="test_client_cannot_read_others_invoice" time="0.771" /><testcase classname="tests.test_pdf_docs.TestQuotationPdf" name="test_quotation_pdf_when_available" time="2.531" /><testcase classname="tests.test_sprint_extras.TestOrderCreationDetails" name="test_preview_requires_auth" time="1.757" /><testcase classname="tests.test_pdf_docs.TestQuotationPdf" name="test_client_cannot_access_quotations" time="0.054" /><testcase classname="tests.test_sprint_extras.TestOrderCreationDetails" name="test_public_addons_endpoint_returns_addon" time="0.029" /><testcase classname="tests.test_sprint_extras.TestOrderCreationDetails" name="test_order_creation_sets_status_and_invoice_lines" time="0.929" /><testcase classname="tests.test_sprint_extras.TestCategorySlugCascade" name="test_slug_change_cascades_to_products" time="0.897" /><testcase classname="tests.test_sprint_extras.TestCategorySlugCascade" name="test_delete_category_with_products_rejected" time="1.587" /><testcase classname="tests.test_pdf_docs.TestUserAddressFields" name="test_me_returns_address_fields" time="0.799" /><testcase classname="tests.test_sprint_extras.TestUserAccessRoundTrip" name="test_menu_keys_survive_list_round_trip" time="0.876" /></testsuite></testsuites>