<?xml version="1.0" encoding="utf-8"?><testsuites name="pytest tests"><testsuite name="pytest" errors="0" failures="2" skipped="0" tests="87" time="6.855" timestamp="2026-07-23T02:00:53.672735+00:00" hostname="agent-env-0e056b03-4b01-42e7-ae28-6fab63f8dbec"><testcase classname="tests.test_security_whitelist_and_telegram.TestSecurityV2" name="test_01_defaults_include_new_fields" time="0.559" /><testcase classname="tests.test_mikrotik_devices.TestDevicesCrud" name="test_01_initial_list_no_legacy" time="0.555" /><testcase classname="tests.test_mikrotik_devices.TestDevicesCrud" name="test_02_create_device" time="0.004" /><testcase classname="tests.test_security_whitelist_and_telegram.TestSecurityV2" name="test_02_put_persists_new_fields" time="0.031" /><testcase classname="tests.test_mikrotik_devices.TestDevicesCrud" name="test_03_get_device_via_list" time="0.004" /><testcase classname="tests.test_mikrotik_devices.TestDevicesCrud" name="test_04_create_missing_host_400" time="0.026" /><testcase classname="tests.test_security_whitelist_and_telegram.TestSecurityV2" name="test_03_put_empty_arrays_clear_lists" time="0.005" /><testcase classname="tests.test_mikrotik_devices.TestDevicesCrud" name="test_05_update_device_fields" time="0.005" /><testcase classname="tests.test_security_whitelist_and_telegram.TestSecurityV2" name="test_04_schema_has_telegram" time="0.016" /><testcase classname="tests.test_mikrotik_devices.TestDevicesCrud" name="test_06_update_empty_password_does_not_overwrite" time="0.183" /><testcase classname="tests.test_security_whitelist_and_telegram.TestSecurityV2" name="test_05_whitelist_prevents_auto_block" time="0.035" /><testcase classname="tests.test_security_whitelist_and_telegram.TestSecurityV2" name="test_06_whitelist_skips_is_ip_blocked" time="0.345" /><testcase classname="tests.test_mikrotik_devices.TestDevicesCrud" name="test_07_update_nonempty_password_persists" time="0.202" /><testcase classname="tests.test_security_whitelist_and_telegram.TestSecurityV2" name="test_07_auto_block_toggle_off" time="0.046" /><testcase classname="tests.test_mikrotik_devices.TestDevicesCrud" name="test_08_update_missing_device_404" time="0.015" /><testcase classname="tests.test_mikrotik_devices.TestDevicesCrud" name="test_09_test_endpoint_returns_ok_false" time="0.011" /><testcase classname="tests.test_security_whitelist_and_telegram.TestSecurityV2" name="test_08_notifications_test_both_disabled" time="0.052" /><testcase classname="tests.test_security_whitelist_and_telegram.TestSecurityV2" name="test_09_notifications_test_telegram_fake_keys" time="0.676" /><testcase classname="tests.test_security_whitelist_and_telegram.TestIpInWhitelistUnit" name="test_u1_cidr_match" time="0.389" /><testcase classname="tests.test_security_whitelist_and_telegram.TestIpInWhitelistUnit" name="test_u2_cidr_no_match" time="0.000" /><testcase classname="tests.test_security_whitelist_and_telegram.TestIpInWhitelistUnit" name="test_u3_exact_ip_match" time="0.000" /><testcase classname="tests.test_security_whitelist_and_telegram.TestIpInWhitelistUnit" name="test_u4_empty_whitelist" time="0.000" /><testcase classname="tests.test_security_whitelist_and_telegram.TestIpInWhitelistUnit" name="test_u5_empty_ip" time="0.000" /><testcase classname="tests.test_security_whitelist_and_telegram.TestIpInWhitelistUnit" name="test_u6_multiple_entries" time="0.000" /><testcase classname="tests.test_security_whitelist_and_telegram.TestIpInWhitelistUnit" name="test_u7_hostname_exact_fallback" time="0.000" /><testcase classname="tests.test_security_whitelist_and_telegram.TestIpInWhitelistUnit" name="test_u8_ipv6_in_v6_cidr" time="0.000" /><testcase classname="tests.test_diagnostics_and_security.TestDiagnosticsRun" name="test_04_run_ping" time="0.867" /><testcase classname="tests.test_security_whitelist_and_telegram.TestSecurityV2" name="test_10_telegram_put_and_masking" time="0.008" /><testcase classname="tests.test_security_whitelist_and_telegram.TestSecurityV2" name="test_11_delete_blocked_ips_returns_ok_ip" time="0.014" /><testcase classname="tests.test_mikrotik_devices.TestLookingGlass" name="test_14_ping_unreachable_ok_false" time="0.239" /><testcase classname="tests.test_mikrotik_devices.TestLookingGlass" name="test_15_traceroute_unreachable_ok_false" time="0.003" /><testcase classname="tests.test_mikrotik_devices.TestLookingGlass" name="test_16_bgp_route_unreachable_ok_false" time="0.003" /><testcase classname="tests.test_mikrotik_devices.TestLookingGlass" name="test_17_looking_glass_invalid_tool_400" time="0.002" /><testcase classname="tests.test_mikrotik_devices.TestLookingGlass" name="test_18_looking_glass_missing_target_400" time="0.006" /><testcase classname="tests.test_diagnostics_and_security.TestTorchDisabled" name="test_11_torch_disabled_returns_400" time="0.245" /><testcase classname="tests.test_diagnostics_and_security.TestDiagnosticsRun" name="test_05_run_dns" time="0.007"><failure message="AssertionError: assert 'google.com' in ''&#10; +  where '' = &lt;built-in method lower of str object at 0xfdd530e30be8&gt;()&#10; +    where &lt;built-in method lower of str object at 0xfdd530e30be8&gt; = ''.lower">tests/test_diagnostics_and_security.py:149: in test_05_run_dns
    assert "google.com" in data["output"].lower()
E   AssertionError: assert 'google.com' in ''
E    +  where '' = &lt;built-in method lower of str object at 0xfdd530e30be8&gt;()
E    +    where &lt;built-in method lower of str object at 0xfdd530e30be8&gt; = ''.lower</failure></testcase><testcase classname="tests.test_diagnostics_and_security.TestTorchDisabled" name="test_12_torch_missing_interface" time="0.014" /><testcase classname="tests.test_diagnostics_and_security.TestTorchDisabled" name="test_13_torch_bad_protocol" time="0.003" /><testcase classname="tests.test_diagnostics_and_security.TestTorchDisabled" name="test_14_torch_bad_src_address" time="0.003" /><testcase classname="tests.test_diagnostics_and_security.TestDiagnosticsRun" name="test_06_run_whois" time="0.245"><failure message="AssertionError: &#10;assert ('DOMAIN NAME' in '' or 'GOOGLE' in '')">tests/test_diagnostics_and_security.py:157: in test_06_run_whois
    assert ("DOMAIN NAME" in out_up) or ("GOOGLE" in out_up), data["output"][:400]
E   AssertionError: 
E   assert ('DOMAIN NAME' in '' or 'GOOGLE' in '')</failure></testcase><testcase classname="tests.test_diagnostics_and_security.TestDiagnosticsRun" name="test_07_run_blacklist" time="1.420" /><testcase classname="tests.test_mikrotik_devices.TestLiveViews" name="test_10_interfaces_returns_empty_list" time="0.276" /><testcase classname="tests.test_mikrotik_devices.TestLiveViews" name="test_11_bgp_returns_empty_list" time="0.003" /><testcase classname="tests.test_mikrotik_devices.TestLiveViews" name="test_12_system_returns_error_dict" time="0.003" /><testcase classname="tests.test_mikrotik_devices.TestLiveViews" name="test_13_traffic_returns_error_dict" time="0.010" /><testcase classname="tests.test_mikrotik_devices.TestBlackhole" name="test_19_blackhole_list_unreachable_empty" time="0.003" /><testcase classname="tests.test_mikrotik_devices.TestBlackhole" name="test_20_blackhole_add_unreachable_ok_false" time="0.003" /><testcase classname="tests.test_mikrotik_devices.TestBlackhole" name="test_21_blackhole_add_missing_prefix_400" time="0.002" /><testcase classname="tests.test_mikrotik_devices.TestBlackhole" name="test_22_blackhole_remove_unreachable_ok_false" time="0.003" /><testcase classname="tests.test_mikrotik_devices.TestRbac" name="test_30_get_endpoints_no_token_401" time="0.008" /><testcase classname="tests.test_mikrotik_devices.TestRbac" name="test_31_get_endpoints_client_403" time="0.248" /><testcase classname="tests.test_mikrotik_devices.TestRbac" name="test_32_post_endpoints_no_token_401" time="0.013" /><testcase classname="tests.test_mikrotik_devices.TestRbac" name="test_33_post_endpoints_client_403" time="0.019" /><testcase classname="tests.test_diagnostics_and_security.TestDiagnosticsTools" name="test_01_tools_endpoint_ok" time="0.234" /><testcase classname="tests.test_diagnostics_and_security.TestDiagnosticsTools" name="test_02_tools_requires_admin" time="0.231" /><testcase classname="tests.test_diagnostics_and_security.TestDiagnosticsTools" name="test_03_tools_no_token_401" time="0.002" /><testcase classname="tests.test_diagnostics_and_security.TestSecurityAutoBlock" name="test_18_default_settings" time="0.007" /><testcase classname="tests.test_diagnostics_and_security.TestSecurityAutoBlock" name="test_19_put_settings_persists" time="0.008" /><testcase classname="tests.test_diagnostics_and_security.TestSecurityAutoBlock" name="test_20_auto_block_after_12_fails" time="0.643" /><testcase classname="tests.test_diagnostics_and_security.TestDiagnosticsRun" name="test_08_run_portscan" time="1.612" /><testcase classname="tests.test_mikrotik_devices.TestReboot" name="test_25_reboot_without_confirm_400" time="0.234" /><testcase classname="tests.test_mikrotik_devices.TestReboot" name="test_26_reboot_wrong_confirm_400" time="0.002" /><testcase classname="tests.test_mikrotik_devices.TestReboot" name="test_27_reboot_confirmed_unreachable_ok_false" time="0.007" /><testcase classname="tests.test_integrations_unified.TestUnifiedSchema" name="test_schema_lists_all_providers" time="0.233" /><testcase classname="tests.test_integrations_unified.TestUnifiedSchema" name="test_schema_has_categories" time="0.003" /><testcase classname="tests.test_integrations_unified.TestUnifiedSchema" name="test_imap_has_expected_fields" time="0.003" /><testcase classname="tests.test_integrations_unified.TestCpanelPleskValidation" name="test_cpanel_test_reports_missing_creds" time="0.007" /><testcase classname="tests.test_integrations_unified.TestCpanelPleskValidation" name="test_cpanel_test_passes_with_complete_creds" time="0.009" /><testcase classname="tests.test_integrations_unified.TestCpanelPleskValidation" name="test_plesk_test_with_password" time="0.008" /><testcase classname="tests.test_diagnostics_and_security.TestDiagnosticsAuth" name="test_16_run_requires_auth" time="0.002" /><testcase classname="tests.test_diagnostics_and_security.TestDiagnosticsAuth" name="test_17_run_forbidden_for_client" time="0.241" /><testcase classname="tests.test_mikrotik_devices.TestBackups" name="test_23_backups_list_unreachable_empty" time="0.241" /><testcase classname="tests.test_mikrotik_devices.TestBackups" name="test_24_backups_create_unreachable_ok_false" time="0.004" /><testcase classname="tests.test_mikrotik_devices.TestLegacyFallback" name="test_28_no_device_id_no_integration_400" time="0.005" /><testcase classname="tests.test_mikrotik_devices.TestLegacyFallback" name="test_29_no_device_id_with_legacy_falls_back" time="0.011" /><testcase classname="tests.test_mikrotik_devices.TestDeleteDevice" name="test_34_delete_device" time="0.009" /><testcase classname="tests.test_mikrotik_devices.TestDeleteDevice" name="test_35_delete_missing_device_zero" time="0.008" /><testcase classname="tests.test_integrations_unified.TestIMAPFlow" name="test_imap_save_masks_password" time="0.239" /><testcase classname="tests.test_integrations_unified.TestIMAPFlow" name="test_imap_test_unconfigured_returns_message" time="0.052" /><testcase classname="tests.test_integrations_unified.TestDeleteEndpoint" name="test_delete_provider_wipes_settings" time="0.016" /><testcase classname="tests.test_integrations_unified.TestDeleteEndpoint" name="test_delete_unknown_provider_404" time="0.002" /><testcase classname="tests.test_diagnostics_and_security.TestTorchEnabled" name="test_15_torch_enabled_returns_json_not_500" time="0.259" /><testcase classname="tests.test_diagnostics_and_security.TestDiagnosticsRun" name="test_09_run_http" time="0.324" /><testcase classname="tests.test_integrations_unified.TestSMTPTest" name="test_smtp_test_now_wired" time="0.295" /><testcase classname="tests.test_diagnostics_and_security.TestDiagnosticsRun" name="test_10_run_traceroute" time="0.004" /><testcase classname="tests.test_integrations_unified.TestMenuCatalog" name="test_real_integrations_key_removed" time="0.002" /><testcase classname="tests.test_integrations_unified.TestMailInboxHonorsIMAP" name="test_inbox_falls_back_to_mock_when_imap_disabled" time="0.239" /></testsuite></testsuites>