<?xml version="1.0" encoding="utf-8"?><testsuites name="pytest tests"><testsuite name="pytest" errors="0" failures="0" skipped="1" tests="14" time="4.302" timestamp="2026-07-31T16:10:04.684027+00:00" hostname="agent-env-938b9021-6b02-4826-83d0-cab38197f489"><testcase classname="tests.test_security_hardening.TestLoginRegression" name="test_admin_login" time="0.230" /><testcase classname="tests.test_security_hardening.TestArticleXSSSanitization" name="test_create_article_sanitizes" time="0.688" /><testcase classname="tests.test_security_hardening.TestLoginRegression" name="test_client_login" time="0.452" /><testcase classname="tests.test_security_hardening.TestArticleXSSSanitization" name="test_get_article_stored_sanitized" time="0.227" /><testcase classname="tests.test_security_hardening.TestLoginRegression" name="test_sales_login" time="0.231" /><testcase classname="tests.test_security_hardening.TestSalesRBAC" name="test_sales_can_list_scoped" time="0.006" /><testcase classname="tests.test_security_hardening.TestArticleXSSSanitization" name="test_update_article_sanitizes" time="0.009" /><testcase classname="tests.test_security_hardening.TestSalesRBAC" name="test_sales_can_suspend_assigned" time="0.022" /><testcase classname="tests.test_security_hardening.TestArticleXSSSanitization" name="test_cleanup_article" time="0.007" /><testcase classname="tests.test_security_hardening.TestPublicArticles" name="test_public_list" time="0.009" /><testcase classname="tests.test_security_hardening.TestPublicArticles" name="test_public_slug" time="0.009"><skipped type="pytest.skip" message="no published articles to test slug fetch">/app/backend/tests/test_security_hardening.py:144: no published articles to test slug fetch</skipped></testcase><testcase classname="tests.test_security_hardening.TestSalesRBAC" name="test_client_cannot_suspend" time="0.011" /><testcase classname="tests.test_security_hardening.TestAdminLifecycle" name="test_admin_service_requests_list" time="0.004" /><testcase classname="tests.test_security_hardening.TestAdminLifecycle" name="test_admin_suspend_unsuspend" time="0.015" /></testsuite></testsuites>