<?xml version="1.0" encoding="utf-8"?><testsuites name="pytest tests"><testsuite name="pytest" errors="0" failures="1" skipped="0" tests="79" time="11.461" timestamp="2026-07-22T16:03:35.732276+00:00" hostname="agent-env-0e056b03-4b01-42e7-ae28-6fab63f8dbec"><testcase classname="tests.test_login_analytics.TestLoginAnalytics" name="test_01_analytics_requires_auth" time="0.515" /><testcase classname="tests.test_recaptcha_auth.TestRecaptchaAuth" name="test_01_auth_config_disabled_by_default" time="0.770" /><testcase classname="tests.test_login_analytics.TestLoginAnalytics" name="test_02_analytics_forbidden_for_client" time="0.256" /><testcase classname="tests.test_recaptcha_auth.TestRecaptchaAuth" name="test_02_schema_has_recaptcha" time="0.003" /><testcase classname="tests.test_login_analytics.TestLoginAnalytics" name="test_03_analytics_ok_for_admin" time="0.006" /><testcase classname="tests.test_recaptcha_auth.TestRecaptchaAuth" name="test_03_put_persists_and_masks_secrets" time="0.019" /><testcase classname="tests.test_login_analytics.TestLoginAnalytics" name="test_04_successful_admin_login_recorded" time="0.011"><failure message="AssertionError: {&quot;detail&quot;:&quot;Missing reCAPTCHA token&quot;}&#10;assert 400 == 200&#10; +  where 400 = &lt;Response [400]&gt;.status_code">backend/tests/test_login_analytics.py:166: in test_04_successful_admin_login_recorded
    assert r.status_code == 200, r.text
E   AssertionError: {"detail":"Missing reCAPTCHA token"}
E   assert 400 == 200
E    +  where 400 = &lt;Response [400]&gt;.status_code</failure></testcase><testcase classname="tests.test_recaptcha_auth.TestRecaptchaAuth" name="test_04_login_without_token_works_when_disabled" time="0.289" /><testcase classname="tests.test_login_analytics.TestLoginAnalytics" name="test_05_brute_force_failures_aggregate" time="0.498" /><testcase classname="tests.test_recaptcha_auth.TestRecaptchaAuth" name="test_05_register_without_token_works_when_disabled" time="0.251" /><testcase classname="tests.test_recaptcha_auth.TestRecaptchaAuth" name="test_06_forgot_password_without_token_works_when_disabled" time="0.018" /><testcase classname="tests.test_login_analytics.TestLoginAnalytics" name="test_06_recaptcha_missing_and_failed_logged" time="0.126" /><testcase classname="tests.test_recaptcha_auth.TestRecaptchaAuth" name="test_07_auth_config_exposes_site_key_when_enabled" time="0.007" /><testcase classname="tests.test_recaptcha_auth.TestRecaptchaAuth" name="test_08_login_missing_token_blocked" time="0.009" /><testcase classname="tests.test_recaptcha_auth.TestRecaptchaAuth" name="test_09_login_garbage_token_blocked" time="0.098" /><testcase classname="tests.test_recaptcha_auth.TestRecaptchaAuth" name="test_10_register_missing_token_blocked" time="0.010" /><testcase classname="tests.test_recaptcha_auth.TestRecaptchaAuth" name="test_11_forgot_password_missing_token_blocked" time="0.009" /><testcase classname="tests.test_login_analytics.TestLoginAnalytics" name="test_07_series_bucket_counts_24h" time="0.007" /><testcase classname="tests.test_login_analytics.TestLoginAnalytics" name="test_08_series_bucket_counts_7d" time="0.006" /><testcase classname="tests.test_recaptcha_auth.TestRecaptchaAuth" name="test_12_disable_reflected_immediately" time="0.275" /><testcase classname="tests.test_login_analytics.TestLoginAnalytics" name="test_09_series_bucket_counts_30d" time="0.006" /><testcase classname="tests.test_login_analytics.TestLoginAnalytics" name="test_10_score_distribution_shape" time="0.007" /><testcase classname="tests.test_login_analytics.TestLoginAnalytics" name="test_11_all_windows_return_valid" time="0.266" /><testcase classname="tests.test_recaptcha_auth.TestRecaptchaAuth" name="test_13_login_payload_without_recaptcha_field" time="0.715" /><testcase classname="tests.test_login_analytics.TestLoginAnalytics" name="test_12_recent_limit_default_and_capped" time="1.178" /><testcase classname="tests.test_login_analytics.TestLoginAnalytics" name="test_13_unknown_window_defaults" time="0.012" /><testcase classname="tests.test_security_whitelist_and_telegram.TestSecurityV2" name="test_01_defaults_include_new_fields" time="0.609" /><testcase classname="tests.test_security_whitelist_and_telegram.TestSecurityV2" name="test_02_put_persists_new_fields" time="0.061" /><testcase classname="tests.test_security_whitelist_and_telegram.TestSecurityV2" name="test_03_put_empty_arrays_clear_lists" time="0.003" /><testcase classname="tests.test_security_whitelist_and_telegram.TestSecurityV2" name="test_04_schema_has_telegram" time="0.003" /><testcase classname="tests.test_security_whitelist_and_telegram.TestSecurityV2" name="test_05_whitelist_prevents_auto_block" time="0.094" /><testcase classname="tests.test_security_whitelist_and_telegram.TestSecurityV2" name="test_06_whitelist_skips_is_ip_blocked" time="0.665" /><testcase classname="tests.test_security_whitelist_and_telegram.TestIpInWhitelistUnit" name="test_u1_cidr_match" time="0.603" /><testcase classname="tests.test_security_whitelist_and_telegram.TestIpInWhitelistUnit" name="test_u2_cidr_no_match" time="0.000" /><testcase classname="tests.test_security_whitelist_and_telegram.TestIpInWhitelistUnit" name="test_u3_exact_ip_match" time="0.000" /><testcase classname="tests.test_security_whitelist_and_telegram.TestIpInWhitelistUnit" name="test_u4_empty_whitelist" time="0.000" /><testcase classname="tests.test_security_whitelist_and_telegram.TestIpInWhitelistUnit" name="test_u5_empty_ip" time="0.000" /><testcase classname="tests.test_security_whitelist_and_telegram.TestIpInWhitelistUnit" name="test_u6_multiple_entries" time="0.000" /><testcase classname="tests.test_security_whitelist_and_telegram.TestIpInWhitelistUnit" name="test_u7_hostname_exact_fallback" time="0.000" /><testcase classname="tests.test_security_whitelist_and_telegram.TestIpInWhitelistUnit" name="test_u8_ipv6_in_v6_cidr" time="0.000" /><testcase classname="tests.test_diagnostics_and_security.TestDiagnosticsRun" name="test_04_run_ping" time="0.798" /><testcase classname="tests.test_security_whitelist_and_telegram.TestSecurityV2" name="test_07_auto_block_toggle_off" time="0.044" /><testcase classname="tests.test_security_whitelist_and_telegram.TestSecurityV2" name="test_08_notifications_test_both_disabled" time="0.010" /><testcase classname="tests.test_security_whitelist_and_telegram.TestSecurityV2" name="test_09_notifications_test_telegram_fake_keys" time="0.408" /><testcase classname="tests.test_diagnostics_and_security.TestDiagnosticsRun" name="test_05_run_dns" time="0.271" /><testcase classname="tests.test_security_whitelist_and_telegram.TestSecurityV2" name="test_10_telegram_put_and_masking" time="0.010" /><testcase classname="tests.test_security_whitelist_and_telegram.TestSecurityV2" name="test_11_delete_blocked_ips_returns_ok_ip" time="0.017" /><testcase classname="tests.test_assets_straight_line.TestDepreciationFormula" name="test_validation_case" time="0.237" /><testcase classname="tests.test_diagnostics_and_security.TestDiagnosticsRun" name="test_06_run_whois" time="0.309" /><testcase classname="tests.test_assets_straight_line.TestDepreciationFormula" name="test_zero_salvage" time="0.003" /><testcase classname="tests.test_assets_straight_line.TestDepreciationFormula" name="test_life_one_year" time="0.003" /><testcase classname="tests.test_assets_straight_line.TestDepreciationFormula" name="test_mid_year_acquisition_partial" time="0.003" /><testcase classname="tests.test_assets_straight_line.TestAssetCrud" name="test_get_single_returns_schedule" time="0.005" /><testcase classname="tests.test_assets_straight_line.TestAssetCrud" name="test_update_reflects_new_depreciation" time="0.006" /><testcase classname="tests.test_assets_straight_line.TestAssetCrud" name="test_delete_asset" time="0.008" /><testcase classname="tests.test_assets_straight_line.TestAssetCrud" name="test_list_includes_new_fields" time="0.021" /><testcase classname="tests.test_diagnostics_and_security.TestTorchDisabled" name="test_11_torch_disabled_returns_400" time="0.260" /><testcase classname="tests.test_diagnostics_and_security.TestDiagnosticsRun" name="test_07_run_blacklist" time="2.116" /><testcase classname="tests.test_diagnostics_and_security.TestTorchDisabled" name="test_12_torch_missing_interface" time="0.003" /><testcase classname="tests.test_diagnostics_and_security.TestTorchDisabled" name="test_13_torch_bad_protocol" time="0.003" /><testcase classname="tests.test_diagnostics_and_security.TestTorchDisabled" name="test_14_torch_bad_src_address" time="0.004" /><testcase classname="tests.test_assets_straight_line.TestFinanceEndpoints" name="test_finance_detailed_assets_rows" time="0.247" /><testcase classname="tests.test_assets_straight_line.TestFinanceEndpoints" name="test_finance_report_depreciation_matches_accumulated" time="0.005" /><testcase classname="tests.test_assets_straight_line.TestFinanceEndpoints" name="test_finance_report_shape" time="0.007" /><testcase classname="tests.test_diagnostics_and_security.TestDiagnosticsTools" name="test_01_tools_endpoint_ok" time="0.239" /><testcase classname="tests.test_diagnostics_and_security.TestDiagnosticsTools" name="test_02_tools_requires_admin" time="0.235" /><testcase classname="tests.test_diagnostics_and_security.TestDiagnosticsTools" name="test_03_tools_no_token_401" time="0.002" /><testcase classname="tests.test_diagnostics_and_security.TestSecurityAutoBlock" name="test_18_default_settings" time="0.008" /><testcase classname="tests.test_diagnostics_and_security.TestSecurityAutoBlock" name="test_19_put_settings_persists" time="0.010" /><testcase classname="tests.test_diagnostics_and_security.TestSecurityAutoBlock" name="test_20_auto_block_after_12_fails" time="0.608" /><testcase classname="tests.test_assets_straight_line.TestLegacyInputMigration" name="test_depreciation_percent_maps_to_useful_life_years" time="0.242" /><testcase classname="tests.test_assets_straight_line.TestLegacyInputMigration" name="test_useful_life_months_maps_to_years" time="0.009" /><testcase classname="tests.test_diagnostics_and_security.TestDiagnosticsAuth" name="test_16_run_requires_auth" time="0.002" /><testcase classname="tests.test_diagnostics_and_security.TestDiagnosticsAuth" name="test_17_run_forbidden_for_client" time="0.237" /><testcase classname="tests.test_assets_straight_line.TestAuthHealth" name="test_auth_me_returns_admin" time="0.241" /><testcase classname="tests.test_diagnostics_and_security.TestDiagnosticsRun" name="test_08_run_portscan" time="1.553" /><testcase classname="tests.test_diagnostics_and_security.TestTorchEnabled" name="test_15_torch_enabled_returns_json_not_500" time="0.287" /><testcase classname="tests.test_diagnostics_and_security.TestDiagnosticsRun" name="test_09_run_http" time="0.110" /><testcase classname="tests.test_diagnostics_and_security.TestDiagnosticsRun" name="test_10_run_traceroute" time="2.010" /></testsuite></testsuites>