<?xml version="1.0" encoding="utf-8"?><testsuites name="pytest tests"><testsuite name="pytest" errors="0" failures="0" skipped="0" tests="19" time="2.609" timestamp="2026-07-22T16:03:26.260375+00:00" hostname="agent-env-0e056b03-4b01-42e7-ae28-6fab63f8dbec"><testcase classname="tests.test_security_whitelist_and_telegram.TestIpInWhitelistUnit" name="test_u1_cidr_match" time="0.592" /><testcase classname="tests.test_security_whitelist_and_telegram.TestIpInWhitelistUnit" name="test_u2_cidr_no_match" time="0.000" /><testcase classname="tests.test_security_whitelist_and_telegram.TestIpInWhitelistUnit" name="test_u3_exact_ip_match" time="0.000" /><testcase classname="tests.test_security_whitelist_and_telegram.TestIpInWhitelistUnit" name="test_u4_empty_whitelist" time="0.000" /><testcase classname="tests.test_security_whitelist_and_telegram.TestIpInWhitelistUnit" name="test_u5_empty_ip" time="0.000" /><testcase classname="tests.test_security_whitelist_and_telegram.TestIpInWhitelistUnit" name="test_u6_multiple_entries" time="0.000" /><testcase classname="tests.test_security_whitelist_and_telegram.TestIpInWhitelistUnit" name="test_u7_hostname_exact_fallback" time="0.000" /><testcase classname="tests.test_security_whitelist_and_telegram.TestIpInWhitelistUnit" name="test_u8_ipv6_in_v6_cidr" time="0.000" /><testcase classname="tests.test_security_whitelist_and_telegram.TestSecurityV2" name="test_01_defaults_include_new_fields" time="0.662" /><testcase classname="tests.test_security_whitelist_and_telegram.TestSecurityV2" name="test_02_put_persists_new_fields" time="0.006" /><testcase classname="tests.test_security_whitelist_and_telegram.TestSecurityV2" name="test_03_put_empty_arrays_clear_lists" time="0.003" /><testcase classname="tests.test_security_whitelist_and_telegram.TestSecurityV2" name="test_04_schema_has_telegram" time="0.003" /><testcase classname="tests.test_security_whitelist_and_telegram.TestSecurityV2" name="test_05_whitelist_prevents_auto_block" time="0.033" /><testcase classname="tests.test_security_whitelist_and_telegram.TestSecurityV2" name="test_06_whitelist_skips_is_ip_blocked" time="0.278" /><testcase classname="tests.test_security_whitelist_and_telegram.TestSecurityV2" name="test_07_auto_block_toggle_off" time="0.034" /><testcase classname="tests.test_security_whitelist_and_telegram.TestSecurityV2" name="test_08_notifications_test_both_disabled" time="0.009" /><testcase classname="tests.test_security_whitelist_and_telegram.TestSecurityV2" name="test_09_notifications_test_telegram_fake_keys" time="0.466" /><testcase classname="tests.test_security_whitelist_and_telegram.TestSecurityV2" name="test_10_telegram_put_and_masking" time="0.009" /><testcase classname="tests.test_security_whitelist_and_telegram.TestSecurityV2" name="test_11_delete_blocked_ips_returns_ok_ip" time="0.016" /></testsuite></testsuites>