<?xml version="1.0" encoding="utf-8"?><testsuites name="pytest tests"><testsuite name="pytest" errors="0" failures="0" skipped="0" tests="3" time="3.029" timestamp="2026-07-21T04:26:44.194394+00:00" hostname="agent-env-3a1c0280-9b80-40a5-9739-6b2ce837f7a1"><testcase classname="tests.test_sla_products" name="test_admin_products_no_stale_sla" time="0.752" /><testcase classname="tests.test_sla_products" name="test_public_products_no_stale_sla" time="0.134" /><testcase classname="tests.test_sla_products" name="test_dc_to_dc_product_has_99_5_sla" time="0.160" /></testsuite></testsuites>