<?xml version="1.0" encoding="utf-8"?><testsuites name="pytest tests"><testsuite name="pytest" errors="0" failures="1" skipped="0" tests="6" time="6.785" timestamp="2026-07-21T04:59:28.665331+00:00" hostname="agent-env-3a1c0280-9b80-40a5-9739-6b2ce837f7a1"><testcase classname="tests.test_sprint_extras.TestCategorySlugCascade" name="test_slug_change_cascades_to_products" time="3.145" /><testcase classname="tests.test_sprint_extras.TestOrderCreationDetails" name="test_preview_requires_auth" time="2.281" /><testcase classname="tests.test_sprint_extras.TestOrderCreationDetails" name="test_public_addons_endpoint_returns_addon" time="0.149" /><testcase classname="tests.test_sprint_extras.TestOrderCreationDetails" name="test_order_creation_sets_status_and_invoice_lines" time="0.656"><failure message="AssertionError: cart_snapshot missing on order&#10;assert None&#10; +  where None = &lt;built-in method get of dict object at 0x78d8ae119c40&gt;('cart_snapshot')&#10; +    where &lt;built-in method get of dict object at 0x78d8ae119c40&gt; = {'id': '6a5efcb4408255caee672c8a', 'user_id': '6a5e7b1c138542f3fbbbcc23', 'user_name': 'Budi Santoso', 'user_email': 'demo@client.com', ...}.get">backend/tests/test_sprint_extras.py:135: in test_order_creation_sets_status_and_invoice_lines
    assert order.get("cart_snapshot"), "cart_snapshot missing on order"
E   AssertionError: cart_snapshot missing on order
E   assert None
E    +  where None = &lt;built-in method get of dict object at 0x78d8ae119c40&gt;('cart_snapshot')
E    +    where &lt;built-in method get of dict object at 0x78d8ae119c40&gt; = {'id': '6a5efcb4408255caee672c8a', 'user_id': '6a5e7b1c138542f3fbbbcc23', 'user_name': 'Budi Santoso', 'user_email': 'demo@client.com', ...}.get</failure></testcase><testcase classname="tests.test_sprint_extras.TestCategorySlugCascade" name="test_delete_category_with_products_rejected" time="1.267" /><testcase classname="tests.test_sprint_extras.TestUserAccessRoundTrip" name="test_menu_keys_survive_list_round_trip" time="0.614" /></testsuite></testsuites>