<?xml version="1.0" encoding="utf-8"?><testsuites name="pytest tests"><testsuite name="pytest" errors="0" failures="0" skipped="0" tests="18" time="15.987" timestamp="2026-07-21T05:39:06.235482+00:00" hostname="agent-env-3a1c0280-9b80-40a5-9739-6b2ce837f7a1"><testcase classname="tests.test_real_integrations.TestIntegrationsScaffold" name="test_schema_returns_5_providers" time="1.110" /><testcase classname="tests.test_real_integrations.TestIntegrationsScaffold" name="test_client_cannot_access_schema" time="0.769" /><testcase classname="tests.test_password_lifecycle.TestSelfChangePassword" name="test_wrong_current_password_rejected" time="2.629" /><testcase classname="tests.test_real_integrations.TestIntegrationsScaffold" name="test_list_and_upsert_and_masking" time="3.099" /><testcase classname="tests.test_password_lifecycle.TestSelfChangePassword" name="test_same_password_rejected" time="1.581" /><testcase classname="tests.test_real_integrations.TestIntegrationsScaffold" name="test_test_endpoint_on_unconfigured_returns_ok_message" time="0.383" /><testcase classname="tests.test_password_lifecycle.TestSelfChangePassword" name="test_weak_password_rejected" time="1.196" /><testcase classname="tests.test_real_integrations.TestIntegrationsScaffold" name="test_unknown_provider_returns_404" time="0.022" /><testcase classname="tests.test_real_integrations.TestIntegrationsScaffold" name="test_proxmox_live_endpoints_gated_by_enabled" time="0.416" /><testcase classname="tests.test_real_integrations.TestIntegrationsScaffold" name="test_mikrotik_live_endpoints_gated_by_enabled" time="0.772" /><testcase classname="tests.test_password_lifecycle.TestSelfChangePassword" name="test_happy_path_change_password" time="3.019" /><testcase classname="tests.test_real_integrations.TestIntegrationsScaffold" name="test_pay_online_requires_enabled_gateway" time="3.055" /><testcase classname="tests.test_password_lifecycle.TestForgotAndResetFlow" name="test_forgot_password_is_public_and_neutral" time="0.791" /><testcase classname="tests.test_real_integrations.TestIntegrationsScaffold" name="test_webhook_rejects_bad_signature" time="0.376" /><testcase classname="tests.test_password_lifecycle.TestForgotAndResetFlow" name="test_reset_link_token_works_once" time="4.166" /><testcase classname="tests.test_password_lifecycle.TestAdminReset" name="test_admin_can_reset_any_user_password" time="2.985" /><testcase classname="tests.test_password_lifecycle.TestForgotAndResetFlow" name="test_reset_rejects_bad_token" time="0.370" /><testcase classname="tests.test_password_lifecycle.TestAdminReset" name="test_client_cannot_reset_others_passwords" time="1.201" /></testsuite></testsuites>